upsupported file	elitr-testset/documents/ESIC/dev/20101006/014_023_EN_Boştinaru/en.OS.man-diar.mp4_16K.wav
upsupported file	elitr-testset/documents/ESIC/dev/20101006/014_015_EN_Bozkurt/en.OS.man-diar.mp4_16K.wav
upsupported file	elitr-testset/documents/ESIC/dev/20080902/017_005_EN_Drčar-Murko/en.OS.man-diar.mp4_16K.wav
upsupported file	elitr-testset/documents/ESIC/dev/20080902/006_010_EN_Strejček/en.OS.man-diar.mp4_16K.wav
upsupported file	elitr-testset/documents/ESIC/dev/20080902/004_023_EN_Ždanoka/en.OS.man-diar.mp4_16K.wav
upsupported file	elitr-testset/documents/ESIC/dev/20080902/010_041_EN_Buşoi/en.OS.man-diar.mp4_16K.wav
upsupported file	elitr-testset/documents/ESIC/dev/20100120/011_015_EN_Eppink/en.OS.man-diar.mp4_16K.wav
upsupported file	elitr-testset/documents/ESIC/dev/20100211/004_026_EN_Korhola/en.OS.man-diar.mp4_16K.wav
upsupported file	elitr-testset/documents/ESIC/dev/20110609/004_002_EN_Korhola/en.OS.man-diar.mp4_16K.wav
upsupported file	elitr-testset/documents/ESIC/dev/20110609/004_013_EN_Prendergast/en.OS.man-diar.mp4_16K.wav
upsupported file	elitr-testset/documents/ESIC/dev/20091008/005_022_EN_Tarand/en.OS.man-diar.mp4_16K.wav
upsupported file	elitr-testset/documents/ESIC/dev/20091008/005_020_EN_Tarand/en.OS.man-diar.mp4_16K.wav
upsupported file	elitr-testset/documents/ESIC/dev/20081020/012_014_EN_Ryan/en.OS.man-diar.mp4_16K.wav
upsupported file	elitr-testset/documents/ESIC/dev/20081020/012_015_EN_Járóka/en.OS.man-diar.mp4_16K.wav
upsupported file	elitr-testset/documents/ESIC/dev/20080923/004_030_EN_Mote/en.OS.man-diar.mp4_16K.wav
upsupported file	elitr-testset/documents/ESIC/dev/20080923/006_015_EN_Boştinaru/en.OS.man-diar.mp4_16K.wav
upsupported file	elitr-testset/documents/ESIC/dev/20080923/015_007_EN_Csibi/en.OS.man-diar.mp4_16K.wav
upsupported file	elitr-testset/documents/ESIC/dev/20080923/013_010_EN_Ryan/en.OS.man-diar.mp4_16K.wav
upsupported file	elitr-testset/documents/ESIC/dev/20080923/014_008_EN_Ždanoka/en.OS.man-diar.mp4_16K.wav
upsupported file	elitr-testset/documents/ESIC/dev/20080924/004_006_EN_BOOTH/en.OS.man-diar.mp4_16K.wav
upsupported file	elitr-testset/documents/ESIC/dev/20080924/004_010_EN_Kauppi/en.OS.man-diar.mp4_16K.wav
upsupported file	elitr-testset/documents/ESIC/dev/20081118/013_001_EN_Kauppi/en.OS.man-diar.mp4_16K.wav
upsupported file	elitr-testset/documents/ESIC/dev/20081118/011_052_EN_Kauppi/en.OS.man-diar.mp4_16K.wav
upsupported file	elitr-testset/documents/ESIC/dev/20081118/008_011_EN_Strejček/en.OS.man-diar.mp4_16K.wav
upsupported file	elitr-testset/documents/ESIC/dev/20081118/013_012_EN_Kauppi/en.OS.man-diar.mp4_16K.wav
upsupported file	elitr-testset/documents/ESIC/dev/20100308/014_010_EN_Triantaphyllides/en.OS.man-diar.mp4_16K.wav
upsupported file	elitr-testset/documents/ESIC/dev/20100308/018_008_EN_Casa/en.OS.man-diar.mp4_16K.wav
upsupported file	elitr-testset/documents/ESIC/dev/20100308/014_034_EN_Mészáros/en.OS.man-diar.mp4_16K.wav
upsupported file	elitr-testset/documents/ESIC/dev/20090218/019_022_EN_Wojciechowski/en.OS.man-diar.mp4_16K.wav
upsupported file	elitr-testset/documents/ESIC/dev/20081120/005_003_EN_Jackson/en.OS.man-diar.mp4_16K.wav
upsupported file	elitr-testset/documents/ESIC/dev/20081120/003_010_EN_Mote/en.OS.man-diar.mp4_16K.wav
upsupported file	elitr-testset/documents/ESIC/dev/20110215/005_017_EN_Tarand/en.OS.man-diar.mp4_16K.wav
upsupported file	elitr-testset/documents/ESIC/dev/20110215/003_016_EN_Schlyter/en.OS.man-diar.mp4_16K.wav
upsupported file	elitr-testset/documents/ESIC/dev/20110215/005_015_EN_Hautala/en.OS.man-diar.mp4_16K.wav
upsupported file	elitr-testset/documents/ESIC/dev/20090915/011_042_EN_Eppink/en.OS.man-diar.mp4_16K.wav
upsupported file	elitr-testset/documents/ESIC/dev/20100908/011_006_EN_Tarand/en.OS.man-diar.mp4_16K.wav
upsupported file	elitr-testset/documents/ESIC/dev/20100908/004_016_EN_Mikolášik/en.OS.man-diar.mp4_16K.wav
upsupported file	elitr-testset/documents/ESIC/dev/20100908/011_005_EN_van-Baalen/en.OS.man-diar.mp4_16K.wav
upsupported file	elitr-testset/documents/ESIC/dev/20091123/016_018_EN_Thaler/en.OS.man-diar.mp4_16K.wav
upsupported file	elitr-testset/documents/ESIC/dev/20080901/018_006_EN_Ždanoka/en.OS.man-diar.mp4_16K.wav
upsupported file	elitr-testset/documents/ESIC/dev/20080901/020_010_EN_Wojciechowski/en.OS.man-diar.mp4_16K.wav
upsupported file	elitr-testset/documents/ESIC/dev/20100519/003_018_EN_Eppink/en.OS.man-diar.mp4_16K.wav
upsupported file	elitr-testset/documents/ESIC/dev/20100519/007_002_EN_Schlyter/en.OS.man-diar.mp4_16K.wav
upsupported file	elitr-testset/documents/ESIC/dev/20110404/014_007_EN_Triantaphyllides/en.OS.man-diar.mp4_16K.wav
upsupported file	elitr-testset/documents/ESIC/dev/20081008/015_004_EN_Kauppi/en.OS.man-diar.mp4_16K.wav
upsupported file	elitr-testset/documents/ESIC/dev/20091020/012_011_EN_Buşoi/en.OS.man-diar.mp4_16K.wav
upsupported file	elitr-testset/documents/ESIC/dev/20110118/005_031_EN_Boştinaru/en.OS.man-diar.mp4_16K.wav
upsupported file	elitr-testset/documents/ESIC/dev/20110118/006_006_EN_Swoboda/en.OS.man-diar.mp4_16K.wav
upsupported file	elitr-testset/documents/ESIC/dev/20081023/004_014_EN_Dobolyi/en.OS.man-diar.mp4_16K.wav
upsupported file	elitr-testset/documents/ESIC/dev/20090323/013_004_EN_Ryan/en.OS.man-diar.mp4_16K.wav
upsupported file	elitr-testset/documents/ESIC/dev/20090323/014_019_EN_Kinnock/en.OS.man-diar.mp4_16K.wav
upsupported file	elitr-testset/documents/ESIC/dev/20090323/014_023_EN_Kinnock/en.OS.man-diar.mp4_16K.wav
upsupported file	elitr-testset/documents/ESIC/dev/20090115/002_023_EN_Dover/en.OS.man-diar.mp4_16K.wav
upsupported file	elitr-testset/documents/ESIC/dev/20110120/003_004_EN_Buşoi/en.OS.man-diar.mp4_16K.wav
upsupported file	elitr-testset/documents/ESIC/dev/20110120/003_001_EN_Eppink/en.OS.man-diar.mp4_16K.wav
upsupported file	elitr-testset/documents/ESIC/dev/20090422/007_012_EN_Ryan/en.OS.man-diar.mp4_16K.wav
upsupported file	elitr-testset/documents/ESIC/dev/20090422/011_005_EN_Botopoulos/en.OS.man-diar.mp4_16K.wav
upsupported file	elitr-testset/documents/ESIC/dev/20101123/017_012_EN_Hautala/en.OS.man-diar.mp4_16K.wav
upsupported file	elitr-testset/documents/ESIC/dev/20101123/017_005_EN_McMillan-Scott/en.OS.man-diar.mp4_16K.wav
upsupported file	elitr-testset/documents/ESIC/dev/20090112/013_013_EN_Csibi/en.OS.man-diar.mp4_16K.wav
upsupported file	elitr-testset/documents/ESIC/dev/20090112/014_012_EN_Mote/en.OS.man-diar.mp4_16K.wav
upsupported file	elitr-testset/documents/ESIC/dev/20081218/003_019_EN_Botopoulos/en.OS.man-diar.mp4_16K.wav
upsupported file	elitr-testset/documents/ESIC/dev/20090324/003_052_EN_Ryan/en.OS.man-diar.mp4_16K.wav
upsupported file	elitr-testset/documents/ESIC/dev/20090324/003_005_EN_Mikolášik/en.OS.man-diar.mp4_16K.wav
upsupported file	elitr-testset/documents/ESIC/dev/20090324/003_056_EN_Dover/en.OS.man-diar.mp4_16K.wav
upsupported file	elitr-testset/documents/ESIC/dev/20110216/012_028_EN_McMillan-Scott/en.OS.man-diar.mp4_16K.wav
upsupported file	elitr-testset/documents/ESIC/dev/20101215/014_045_EN_Hautala/en.OS.man-diar.mp4_16K.wav
upsupported file	elitr-testset/documents/ESIC/dev/20101215/006_020_EN_Boştinaru/en.OS.man-diar.mp4_16K.wav
upsupported file	elitr-testset/documents/ESIC/dev/20101215/014_025_EN_McMillan-Scott/en.OS.man-diar.mp4_16K.wav
upsupported file	elitr-testset/documents/ESIC/dev/20101215/014_006_EN_Hautala/en.OS.man-diar.mp4_16K.wav
upsupported file	elitr-testset/documents/ESIC/dev/20090202/013_007_EN_Triantaphyllides/en.OS.man-diar.mp4_16K.wav
upsupported file	elitr-testset/documents/ESIC/dev/20090916/015_009_EN_Donskis/en.OS.man-diar.mp4_16K.wav
upsupported file	elitr-testset/documents/ESIC/dev/20090916/006_022_EN_Boştinaru/en.OS.man-diar.mp4_16K.wav
upsupported file	elitr-testset/documents/ESIC/dev/20090916/006_020_EN_Ždanoka/en.OS.man-diar.mp4_16K.wav
upsupported file	elitr-testset/documents/ESIC/dev/20100421/007_025_EN_Ungureanu/en.OS.man-diar.mp4_16K.wav
upsupported file	elitr-testset/documents/ESIC/dev/20100421/007_016_EN_Essayah/en.OS.man-diar.mp4_16K.wav
upsupported file	elitr-testset/documents/ESIC/dev/20110308/007_058_EN_Plumb/en.OS.man-diar.mp4_16K.wav
upsupported file	elitr-testset/documents/ESIC/dev/20110308/007_002_EN_Plumb/en.OS.man-diar.mp4_16K.wav
upsupported file	elitr-testset/documents/ESIC/dev/20110308/020_017_EN_Vidal-Quadras/en.OS.man-diar.mp4_16K.wav
upsupported file	elitr-testset/documents/ESIC/dev/20110308/016_001_EN_Járóka/en.OS.man-diar.mp4_16K.wav
upsupported file	elitr-testset/documents/ESIC/dev/20110308/006_023_EN_Tarand/en.OS.man-diar.mp4_16K.wav
upsupported file	elitr-testset/documents/ESIC/dev/20110308/015_016_EN_Tőkés/en.OS.man-diar.mp4_16K.wav
upsupported file	elitr-testset/documents/ESIC/dev/20110308/016_028_EN_Plumb/en.OS.man-diar.mp4_16K.wav
upsupported file	elitr-testset/documents/ESIC/dev/20110308/016_033_EN_Járóka/en.OS.man-diar.mp4_16K.wav
upsupported file	elitr-testset/documents/ESIC/dev/20081203/012_018_EN_Wojciechowski/en.OS.man-diar.mp4_16K.wav
upsupported file	elitr-testset/documents/ESIC/dev/20080925/013_007_EN_Tőkés/en.OS.man-diar.mp4_16K.wav
upsupported file	elitr-testset/documents/ESIC/dev/20100309/012_021_EN_Bozkurt/en.OS.man-diar.mp4_16K.wav
upsupported file	elitr-testset/documents/ESIC/dev/20101021/003_008_EN_Ungureanu/en.OS.man-diar.mp4_16K.wav
upsupported file	elitr-testset/documents/ESIC/dev/20101021/003_005_EN_Ždanoka/en.OS.man-diar.mp4_16K.wav
upsupported file	elitr-testset/documents/ESIC/dev/20100922/003_034_EN_Járóka/en.OS.man-diar.mp4_16K.wav
upsupported file	elitr-testset/documents/ESIC/dev/20100922/003_020_EN_Eppink/en.OS.man-diar.mp4_16K.wav
upsupported file	elitr-testset/documents/ESIC/dev/20110117/021_012_EN_Járóka/en.OS.man-diar.mp4_16K.wav
upsupported file	elitr-testset/documents/ESIC/dev/20100505/017_016_EN_Trzaskowski/en.OS.man-diar.mp4_16K.wav
upsupported file	elitr-testset/documents/ESIC/dev/20110623/005_002_EN_Mikolášik/en.OS.man-diar.mp4_16K.wav
upsupported file	elitr-testset/documents/ESIC/dev/20110623/005_061_EN_Mikolášik/en.OS.man-diar.mp4_16K.wav
upsupported file	elitr-testset/documents/ESIC/dev/20081021/007_030_EN_Atkins/en.OS.man-diar.mp4_16K.wav
upsupported file	elitr-testset/documents/ESIC/dev/20081021/012_022_EN_Ždanoka/en.OS.man-diar.mp4_16K.wav
upsupported file	elitr-testset/documents/ESIC/dev/20081021/009_002_EN_Boştinaru/en.OS.man-diar.mp4_16K.wav
upsupported file	elitr-testset/documents/ESIC/dev/20080922/020_004_EN_Boştinaru/en.OS.man-diar.mp4_16K.wav
upsupported file	elitr-testset/documents/ESIC/dev/20080922/018_013_EN_Csibi/en.OS.man-diar.mp4_16K.wav
upsupported file	elitr-testset/documents/ESIC/dev/20080922/018_006_EN_Ryan/en.OS.man-diar.mp4_16K.wav
upsupported file	elitr-testset/documents/ESIC/dev/20080922/019_009_EN_Ryan/en.OS.man-diar.mp4_16K.wav
upsupported file	elitr-testset/documents/ESIC/dev/20080922/021_009_EN_Wise/en.OS.man-diar.mp4_16K.wav
upsupported file	elitr-testset/documents/ESIC/dev/20100325/003_038_EN_Casa/en.OS.man-diar.mp4_16K.wav
upsupported file	elitr-testset/documents/ESIC/dev/20090401/014_038_EN_Mikolášik/en.OS.man-diar.mp4_16K.wav
upsupported file	elitr-testset/documents/ESIC/dev/20080903/013_021_EN_Ryan/en.OS.man-diar.mp4_16K.wav
upsupported file	elitr-testset/documents/ESIC/dev/20080903/018_017_EN_Wojciechowski/en.OS.man-diar.mp4_16K.wav
upsupported file	elitr-testset/documents/ESIC/dev/20080903/003_010_EN_BOOTH/en.OS.man-diar.mp4_16K.wav
upsupported file	elitr-testset/documents/ESIC/dev/20080903/014_012_EN_Kinnock/en.OS.man-diar.mp4_16K.wav
upsupported file	elitr-testset/documents/ESIC/dev/20080903/010_016_EN_Strejček/en.OS.man-diar.mp4_16K.wav
upsupported file	elitr-testset/documents/ESIC/dev/20110608/005_009_EN_Eppink/en.OS.man-diar.mp4_16K.wav
upsupported file	elitr-testset/documents/ESIC/dev/20090203/015_002_EN_Dobolyi/en.OS.man-diar.mp4_16K.wav
upsupported file	elitr-testset/documents/ESIC/dev/20090203/015_012_EN_Ždanoka/en.OS.man-diar.mp4_16K.wav
upsupported file	elitr-testset/documents/ESIC/dev/20090203/007_002_EN_Mikolášik/en.OS.man-diar.mp4_16K.wav
upsupported file	elitr-testset/documents/ESIC/dev/20090203/013_068_EN_Ryan/en.OS.man-diar.mp4_16K.wav
upsupported file	elitr-testset/documents/ESIC/dev/20090203/014_017_EN_Ždanoka/en.OS.man-diar.mp4_16K.wav
upsupported file	elitr-testset/documents/ESIC/dev/20090203/007_015_EN_Strejček/en.OS.man-diar.mp4_16K.wav
upsupported file	elitr-testset/documents/ESIC/dev/20090203/004_023_EN_Ryan/en.OS.man-diar.mp4_16K.wav
upsupported file	elitr-testset/documents/ESIC/dev/20090917/008_003_EN_Boştinaru/en.OS.man-diar.mp4_16K.wav
upsupported file	elitr-testset/documents/ESIC/dev/20090917/003_021_EN_Tarand/en.OS.man-diar.mp4_16K.wav
upsupported file	elitr-testset/documents/ESIC/dev/20110309/006_047_EN_McMillan-Scott/en.OS.man-diar.mp4_16K.wav
upsupported file	elitr-testset/documents/ESIC/dev/20110309/006_027_EN_McMillan-Scott/en.OS.man-diar.mp4_16K.wav
upsupported file	elitr-testset/documents/ESIC/dev/20110309/006_020_EN_Eppink/en.OS.man-diar.mp4_16K.wav
upsupported file	elitr-testset/documents/ESIC/dev/20090113/004_007_EN_Ryan/en.OS.man-diar.mp4_16K.wav
upsupported file	elitr-testset/documents/ESIC/dev/20100921/004_036_EN_Tőkés/en.OS.man-diar.mp4_16K.wav
upsupported file	elitr-testset/documents/ESIC/dev/20100921/004_022_EN_Boştinaru/en.OS.man-diar.mp4_16K.wav
upsupported file	elitr-testset/documents/ESIC/dev/20101213/016_009_EN_Ždanoka/en.OS.man-diar.mp4_16K.wav
upsupported file	elitr-testset/documents/ESIC/dev/20110119/012_009_EN_Hautala/en.OS.man-diar.mp4_16K.wav
upsupported file	elitr-testset/documents/ESIC/dev/20110119/012_013_EN_Ungureanu/en.OS.man-diar.mp4_16K.wav
upsupported file	elitr-testset/documents/ESIC/dev/20110119/010_040_EN_Ungureanu/en.OS.man-diar.mp4_16K.wav
upsupported file	elitr-testset/documents/ESIC/dev/20081022/007_004_EN_Korhola/en.OS.man-diar.mp4_16K.wav
upsupported file	elitr-testset/documents/ESIC/dev/20081022/007_006_EN_Strejček/en.OS.man-diar.mp4_16K.wav
upsupported file	elitr-testset/documents/ESIC/dev/20081022/013_036_EN_Ryan/en.OS.man-diar.mp4_16K.wav
upsupported file	elitr-testset/documents/ESIC/dev/20081022/011_035_EN_Mote/en.OS.man-diar.mp4_16K.wav
upsupported file	elitr-testset/documents/ESIC/dev/20110511/004_068_EN_Hautala/en.OS.man-diar.mp4_16K.wav
upsupported file	elitr-testset/documents/ESIC/dev/20090114/008_018_EN_Triantaphyllides/en.OS.man-diar.mp4_16K.wav
upsupported file	elitr-testset/documents/ESIC/dev/20081117/021_010_EN_Ryan/en.OS.man-diar.mp4_16K.wav
upsupported file	elitr-testset/documents/ESIC/dev/20081117/020_002_EN_Ryan/en.OS.man-diar.mp4_16K.wav
upsupported file	elitr-testset/documents/ESIC/dev/20090310/009_021_EN_Mikolášik/en.OS.man-diar.mp4_16K.wav
upsupported file	elitr-testset/documents/ESIC/dev/20090310/006_013_EN_Jackson/en.OS.man-diar.mp4_16K.wav
upsupported file	elitr-testset/documents/ESIC/dev/20090310/016_026_EN_Ryan/en.OS.man-diar.mp4_16K.wav
upsupported file	elitr-testset/documents/ESIC/dev/20090310/007_008_EN_Botopoulos/en.OS.man-diar.mp4_16K.wav
upsupported file	elitr-testset/documents/ESIC/dev/20101122/017_004_EN_Buşoi/en.OS.man-diar.mp4_16K.wav
upsupported file	elitr-testset/documents/ESIC/dev/20090505/003_008_EN_Buşoi/en.OS.man-diar.mp4_16K.wav
upsupported file	elitr-testset/documents/ESIC/dev/20100518/006_019_EN_Tarand/en.OS.man-diar.mp4_16K.wav
upsupported file	elitr-testset/documents/ESIC/dev/20100518/006_015_EN_Ždanoka/en.OS.man-diar.mp4_16K.wav
upsupported file	elitr-testset/documents/ESIC/dev/20090402/006_017_EN_Drčar-Murko/en.OS.man-diar.mp4_16K.wav
upsupported file	elitr-testset/documents/ESIC/dev/20100907/012_011_EN_Korhola/en.OS.man-diar.mp4_16K.wav
upsupported file	elitr-testset/documents/ESIC/dev/20100907/011_004_EN_Járóka/en.OS.man-diar.mp4_16K.wav
upsupported file	elitr-testset/documents/ESIC/dev/20090309/018_020_EN_Ryan/en.OS.man-diar.mp4_16K.wav
upsupported file	elitr-testset/documents/ESIC/dev/20090309/027_001_EN_Evans/en.OS.man-diar.mp4_16K.wav
upsupported file	elitr-testset/documents/ESIC/dev2/20091124/011_008_EN_Andreasen/en.OS.man-diar.mp4_16K.wav
upsupported file	elitr-testset/documents/ESIC/dev2/20091124/003_070_EN_McGuinness/en.OS.man-diar.mp4_16K.wav
upsupported file	elitr-testset/documents/ESIC/dev2/20100308/014_007_EN_Wallis/en.OS.man-diar.mp4_16K.wav
upsupported file	elitr-testset/documents/ESIC/dev2/20100908/003_007_EN_Swinburne/en.OS.man-diar.mp4_16K.wav
upsupported file	elitr-testset/documents/ESIC/dev2/20091123/016_005_EN_Nicholson/en.OS.man-diar.mp4_16K.wav
upsupported file	elitr-testset/documents/ESIC/dev2/20100906/017_038_EN_McGuinness/en.OS.man-diar.mp4_16K.wav
upsupported file	elitr-testset/documents/ESIC/dev2/20090205/003_021_EN_Nicholson/en.OS.man-diar.mp4_16K.wav
upsupported file	elitr-testset/documents/ESIC/dev2/20090115/007_004_EN_Hannan/en.OS.man-diar.mp4_16K.wav
upsupported file	elitr-testset/documents/ESIC/dev2/20110118/008_014_EN_Dodds/en.OS.man-diar.mp4_16K.wav
upsupported file	elitr-testset/documents/ESIC/dev2/20110216/012_024_EN_Arlacchi/en.OS.man-diar.mp4_16K.wav
upsupported file	elitr-testset/documents/ESIC/dev2/20100421/007_002_EN_Malmström/en.OS.man-diar.mp4_16K.wav
upsupported file	elitr-testset/documents/ESIC/dev2/20081203/015_012_EN_Kasoulides/en.OS.man-diar.mp4_16K.wav
upsupported file	elitr-testset/documents/ESIC/dev2/20101019/015_014_EN_Corazza-Bildt/en.OS.man-diar.mp4_16K.wav
upsupported file	elitr-testset/documents/ESIC/dev2/20100309/013_052_EN_Mitchell/en.OS.man-diar.mp4_16K.wav
upsupported file	elitr-testset/documents/ESIC/dev2/20081021/012_038_EN_Savi/en.OS.man-diar.mp4_16K.wav
upsupported file	elitr-testset/documents/ESIC/dev2/20090506/016_017_EN_Hannan/en.OS.man-diar.mp4_16K.wav
upsupported file	elitr-testset/documents/ESIC/dev2/20100921/006_016_EN_Batten/en.OS.man-diar.mp4_16K.wav
upsupported file	elitr-testset/documents/ESIC/dev2/20100921/012_005_EN_Andreasen/en.OS.man-diar.mp4_16K.wav
upsupported file	elitr-testset/documents/ESIC/dev2/20090423/003_017_EN_Allister/en.OS.man-diar.mp4_16K.wav
upsupported file	elitr-testset/documents/ESIC/dev2/20110511/013_014_EN_Bloom/en.OS.man-diar.mp4_16K.wav
upsupported file	elitr-testset/documents/ESIC/dev2/20090114/008_054_EN_Karim/en.OS.man-diar.mp4_16K.wav
upsupported file	elitr-testset/documents/ESIC/dev2/20101213/015_018_EN_Gallagher/en.OS.man-diar.mp4_16K.wav
upsupported file	elitr-testset/documents/ESIC/dev2/20110119/012_008_EN_Ojuland/en.OS.man-diar.mp4_16K.wav
upsupported file	elitr-testset/documents/ESIC/dev2/20110405/009_010_EN_Barroso/en.OS.man-diar.mp4_16K.wav
upsupported file	elitr-testset/documents/ESIC/dev2/20090309/015_013_EN_Deva/en.OS.man-diar.mp4_16K.wav
upsupported file	elitr-testset/documents/ESIC/dev2/20090505/006_006_EN_Hannan/en.OS.man-diar.mp4_16K.wav
upsupported file	elitr-testset/documents/ESIC/dev2/20100518/006_005_EN_Malmström/en.OS.man-diar.mp4_16K.wav
upsupported file	elitr-testset/documents/ESIC/dev/20101006/014_023_EN_Boştinaru/en.OS.man-diar.mp4_16K.wav
upsupported file	elitr-testset/documents/ESIC/dev/20101006/014_015_EN_Bozkurt/en.OS.man-diar.mp4_16K.wav
upsupported file	elitr-testset/documents/ESIC/dev/20080902/017_005_EN_Drčar-Murko/en.OS.man-diar.mp4_16K.wav
upsupported file	elitr-testset/documents/ESIC/dev/20080902/006_010_EN_Strejček/en.OS.man-diar.mp4_16K.wav
upsupported file	elitr-testset/documents/ESIC/dev/20080902/004_023_EN_Ždanoka/en.OS.man-diar.mp4_16K.wav
upsupported file	elitr-testset/documents/ESIC/dev/20080902/010_041_EN_Buşoi/en.OS.man-diar.mp4_16K.wav
upsupported file	elitr-testset/documents/ESIC/dev/20100120/011_015_EN_Eppink/en.OS.man-diar.mp4_16K.wav
upsupported file	elitr-testset/documents/ESIC/dev/20100211/004_026_EN_Korhola/en.OS.man-diar.mp4_16K.wav
upsupported file	elitr-testset/documents/ESIC/dev/20110609/004_002_EN_Korhola/en.OS.man-diar.mp4_16K.wav
upsupported file	elitr-testset/documents/ESIC/dev/20110609/004_013_EN_Prendergast/en.OS.man-diar.mp4_16K.wav
upsupported file	elitr-testset/documents/ESIC/dev/20091008/005_022_EN_Tarand/en.OS.man-diar.mp4_16K.wav
upsupported file	elitr-testset/documents/ESIC/dev/20091008/005_020_EN_Tarand/en.OS.man-diar.mp4_16K.wav
upsupported file	elitr-testset/documents/ESIC/dev/20081020/012_014_EN_Ryan/en.OS.man-diar.mp4_16K.wav
upsupported file	elitr-testset/documents/ESIC/dev/20081020/012_015_EN_Járóka/en.OS.man-diar.mp4_16K.wav
upsupported file	elitr-testset/documents/ESIC/dev/20080923/004_030_EN_Mote/en.OS.man-diar.mp4_16K.wav
upsupported file	elitr-testset/documents/ESIC/dev/20080923/006_015_EN_Boştinaru/en.OS.man-diar.mp4_16K.wav
upsupported file	elitr-testset/documents/ESIC/dev/20080923/015_007_EN_Csibi/en.OS.man-diar.mp4_16K.wav
upsupported file	elitr-testset/documents/ESIC/dev/20080923/013_010_EN_Ryan/en.OS.man-diar.mp4_16K.wav
upsupported file	elitr-testset/documents/ESIC/dev/20080923/014_008_EN_Ždanoka/en.OS.man-diar.mp4_16K.wav
upsupported file	elitr-testset/documents/ESIC/dev/20080924/004_006_EN_BOOTH/en.OS.man-diar.mp4_16K.wav
upsupported file	elitr-testset/documents/ESIC/dev/20080924/004_010_EN_Kauppi/en.OS.man-diar.mp4_16K.wav
upsupported file	elitr-testset/documents/ESIC/dev/20081118/013_001_EN_Kauppi/en.OS.man-diar.mp4_16K.wav
upsupported file	elitr-testset/documents/ESIC/dev/20081118/011_052_EN_Kauppi/en.OS.man-diar.mp4_16K.wav
upsupported file	elitr-testset/documents/ESIC/dev/20081118/008_011_EN_Strejček/en.OS.man-diar.mp4_16K.wav
upsupported file	elitr-testset/documents/ESIC/dev/20081118/013_012_EN_Kauppi/en.OS.man-diar.mp4_16K.wav
upsupported file	elitr-testset/documents/ESIC/dev/20100308/014_010_EN_Triantaphyllides/en.OS.man-diar.mp4_16K.wav
upsupported file	elitr-testset/documents/ESIC/dev/20100308/018_008_EN_Casa/en.OS.man-diar.mp4_16K.wav
upsupported file	elitr-testset/documents/ESIC/dev/20100308/014_034_EN_Mészáros/en.OS.man-diar.mp4_16K.wav
upsupported file	elitr-testset/documents/ESIC/dev/20090218/019_022_EN_Wojciechowski/en.OS.man-diar.mp4_16K.wav
upsupported file	elitr-testset/documents/ESIC/dev/20081120/005_003_EN_Jackson/en.OS.man-diar.mp4_16K.wav
upsupported file	elitr-testset/documents/ESIC/dev/20081120/003_010_EN_Mote/en.OS.man-diar.mp4_16K.wav
upsupported file	elitr-testset/documents/ESIC/dev/20110215/005_017_EN_Tarand/en.OS.man-diar.mp4_16K.wav
upsupported file	elitr-testset/documents/ESIC/dev/20110215/003_016_EN_Schlyter/en.OS.man-diar.mp4_16K.wav
upsupported file	elitr-testset/documents/ESIC/dev/20110215/005_015_EN_Hautala/en.OS.man-diar.mp4_16K.wav
upsupported file	elitr-testset/documents/ESIC/dev/20090915/011_042_EN_Eppink/en.OS.man-diar.mp4_16K.wav
upsupported file	elitr-testset/documents/ESIC/dev/20100908/011_006_EN_Tarand/en.OS.man-diar.mp4_16K.wav
upsupported file	elitr-testset/documents/ESIC/dev/20100908/004_016_EN_Mikolášik/en.OS.man-diar.mp4_16K.wav
upsupported file	elitr-testset/documents/ESIC/dev/20100908/011_005_EN_van-Baalen/en.OS.man-diar.mp4_16K.wav
upsupported file	elitr-testset/documents/ESIC/dev/20091123/016_018_EN_Thaler/en.OS.man-diar.mp4_16K.wav
upsupported file	elitr-testset/documents/ESIC/dev/20080901/018_006_EN_Ždanoka/en.OS.man-diar.mp4_16K.wav
upsupported file	elitr-testset/documents/ESIC/dev/20080901/020_010_EN_Wojciechowski/en.OS.man-diar.mp4_16K.wav
upsupported file	elitr-testset/documents/ESIC/dev/20100519/003_018_EN_Eppink/en.OS.man-diar.mp4_16K.wav
upsupported file	elitr-testset/documents/ESIC/dev/20100519/007_002_EN_Schlyter/en.OS.man-diar.mp4_16K.wav
upsupported file	elitr-testset/documents/ESIC/dev/20110404/014_007_EN_Triantaphyllides/en.OS.man-diar.mp4_16K.wav
upsupported file	elitr-testset/documents/ESIC/dev/20081008/015_004_EN_Kauppi/en.OS.man-diar.mp4_16K.wav
upsupported file	elitr-testset/documents/ESIC/dev/20091020/012_011_EN_Buşoi/en.OS.man-diar.mp4_16K.wav
upsupported file	elitr-testset/documents/ESIC/dev/20110118/005_031_EN_Boştinaru/en.OS.man-diar.mp4_16K.wav
upsupported file	elitr-testset/documents/ESIC/dev/20110118/006_006_EN_Swoboda/en.OS.man-diar.mp4_16K.wav
upsupported file	elitr-testset/documents/ESIC/dev/20081023/004_014_EN_Dobolyi/en.OS.man-diar.mp4_16K.wav
upsupported file	elitr-testset/documents/ESIC/dev/20090323/013_004_EN_Ryan/en.OS.man-diar.mp4_16K.wav
upsupported file	elitr-testset/documents/ESIC/dev/20090323/014_019_EN_Kinnock/en.OS.man-diar.mp4_16K.wav
upsupported file	elitr-testset/documents/ESIC/dev/20090323/014_023_EN_Kinnock/en.OS.man-diar.mp4_16K.wav
upsupported file	elitr-testset/documents/ESIC/dev/20090115/002_023_EN_Dover/en.OS.man-diar.mp4_16K.wav
upsupported file	elitr-testset/documents/ESIC/dev/20110120/003_004_EN_Buşoi/en.OS.man-diar.mp4_16K.wav
upsupported file	elitr-testset/documents/ESIC/dev/20110120/003_001_EN_Eppink/en.OS.man-diar.mp4_16K.wav
upsupported file	elitr-testset/documents/ESIC/dev/20090422/007_012_EN_Ryan/en.OS.man-diar.mp4_16K.wav
upsupported file	elitr-testset/documents/ESIC/dev/20090422/011_005_EN_Botopoulos/en.OS.man-diar.mp4_16K.wav
upsupported file	elitr-testset/documents/ESIC/dev/20101123/017_012_EN_Hautala/en.OS.man-diar.mp4_16K.wav
upsupported file	elitr-testset/documents/ESIC/dev/20101123/017_005_EN_McMillan-Scott/en.OS.man-diar.mp4_16K.wav
upsupported file	elitr-testset/documents/ESIC/dev/20090112/013_013_EN_Csibi/en.OS.man-diar.mp4_16K.wav
upsupported file	elitr-testset/documents/ESIC/dev/20090112/014_012_EN_Mote/en.OS.man-diar.mp4_16K.wav
upsupported file	elitr-testset/documents/ESIC/dev/20081218/003_019_EN_Botopoulos/en.OS.man-diar.mp4_16K.wav
upsupported file	elitr-testset/documents/ESIC/dev/20090324/003_052_EN_Ryan/en.OS.man-diar.mp4_16K.wav
upsupported file	elitr-testset/documents/ESIC/dev/20090324/003_005_EN_Mikolášik/en.OS.man-diar.mp4_16K.wav
upsupported file	elitr-testset/documents/ESIC/dev/20090324/003_056_EN_Dover/en.OS.man-diar.mp4_16K.wav
upsupported file	elitr-testset/documents/ESIC/dev/20110216/012_028_EN_McMillan-Scott/en.OS.man-diar.mp4_16K.wav
upsupported file	elitr-testset/documents/ESIC/dev/20101215/014_045_EN_Hautala/en.OS.man-diar.mp4_16K.wav
upsupported file	elitr-testset/documents/ESIC/dev/20101215/006_020_EN_Boştinaru/en.OS.man-diar.mp4_16K.wav
upsupported file	elitr-testset/documents/ESIC/dev/20101215/014_025_EN_McMillan-Scott/en.OS.man-diar.mp4_16K.wav
upsupported file	elitr-testset/documents/ESIC/dev/20101215/014_006_EN_Hautala/en.OS.man-diar.mp4_16K.wav
upsupported file	elitr-testset/documents/ESIC/dev/20090202/013_007_EN_Triantaphyllides/en.OS.man-diar.mp4_16K.wav
upsupported file	elitr-testset/documents/ESIC/dev/20090916/015_009_EN_Donskis/en.OS.man-diar.mp4_16K.wav
upsupported file	elitr-testset/documents/ESIC/dev/20090916/006_022_EN_Boştinaru/en.OS.man-diar.mp4_16K.wav
upsupported file	elitr-testset/documents/ESIC/dev/20090916/006_020_EN_Ždanoka/en.OS.man-diar.mp4_16K.wav
upsupported file	elitr-testset/documents/ESIC/dev/20100421/007_025_EN_Ungureanu/en.OS.man-diar.mp4_16K.wav
upsupported file	elitr-testset/documents/ESIC/dev/20100421/007_016_EN_Essayah/en.OS.man-diar.mp4_16K.wav
upsupported file	elitr-testset/documents/ESIC/dev/20110308/007_058_EN_Plumb/en.OS.man-diar.mp4_16K.wav
upsupported file	elitr-testset/documents/ESIC/dev/20110308/007_002_EN_Plumb/en.OS.man-diar.mp4_16K.wav
upsupported file	elitr-testset/documents/ESIC/dev/20110308/020_017_EN_Vidal-Quadras/en.OS.man-diar.mp4_16K.wav
upsupported file	elitr-testset/documents/ESIC/dev/20110308/016_001_EN_Járóka/en.OS.man-diar.mp4_16K.wav
upsupported file	elitr-testset/documents/ESIC/dev/20110308/006_023_EN_Tarand/en.OS.man-diar.mp4_16K.wav
upsupported file	elitr-testset/documents/ESIC/dev/20110308/015_016_EN_Tőkés/en.OS.man-diar.mp4_16K.wav
upsupported file	elitr-testset/documents/ESIC/dev/20110308/016_028_EN_Plumb/en.OS.man-diar.mp4_16K.wav
upsupported file	elitr-testset/documents/ESIC/dev/20110308/016_033_EN_Járóka/en.OS.man-diar.mp4_16K.wav
upsupported file	elitr-testset/documents/ESIC/dev/20081203/012_018_EN_Wojciechowski/en.OS.man-diar.mp4_16K.wav
upsupported file	elitr-testset/documents/ESIC/dev/20080925/013_007_EN_Tőkés/en.OS.man-diar.mp4_16K.wav
upsupported file	elitr-testset/documents/ESIC/dev/20100309/012_021_EN_Bozkurt/en.OS.man-diar.mp4_16K.wav
upsupported file	elitr-testset/documents/ESIC/dev/20101021/003_008_EN_Ungureanu/en.OS.man-diar.mp4_16K.wav
upsupported file	elitr-testset/documents/ESIC/dev/20101021/003_005_EN_Ždanoka/en.OS.man-diar.mp4_16K.wav
upsupported file	elitr-testset/documents/ESIC/dev/20100922/003_034_EN_Járóka/en.OS.man-diar.mp4_16K.wav
upsupported file	elitr-testset/documents/ESIC/dev/20100922/003_020_EN_Eppink/en.OS.man-diar.mp4_16K.wav
upsupported file	elitr-testset/documents/ESIC/dev/20110117/021_012_EN_Járóka/en.OS.man-diar.mp4_16K.wav
upsupported file	elitr-testset/documents/ESIC/dev/20100505/017_016_EN_Trzaskowski/en.OS.man-diar.mp4_16K.wav
upsupported file	elitr-testset/documents/ESIC/dev/20110623/005_002_EN_Mikolášik/en.OS.man-diar.mp4_16K.wav
upsupported file	elitr-testset/documents/ESIC/dev/20110623/005_061_EN_Mikolášik/en.OS.man-diar.mp4_16K.wav
upsupported file	elitr-testset/documents/ESIC/dev/20081021/007_030_EN_Atkins/en.OS.man-diar.mp4_16K.wav
upsupported file	elitr-testset/documents/ESIC/dev/20081021/012_022_EN_Ždanoka/en.OS.man-diar.mp4_16K.wav
upsupported file	elitr-testset/documents/ESIC/dev/20081021/009_002_EN_Boştinaru/en.OS.man-diar.mp4_16K.wav
upsupported file	elitr-testset/documents/ESIC/dev/20080922/020_004_EN_Boştinaru/en.OS.man-diar.mp4_16K.wav
upsupported file	elitr-testset/documents/ESIC/dev/20080922/018_013_EN_Csibi/en.OS.man-diar.mp4_16K.wav
upsupported file	elitr-testset/documents/ESIC/dev/20080922/018_006_EN_Ryan/en.OS.man-diar.mp4_16K.wav
upsupported file	elitr-testset/documents/ESIC/dev/20080922/019_009_EN_Ryan/en.OS.man-diar.mp4_16K.wav
upsupported file	elitr-testset/documents/ESIC/dev/20080922/021_009_EN_Wise/en.OS.man-diar.mp4_16K.wav
upsupported file	elitr-testset/documents/ESIC/dev/20100325/003_038_EN_Casa/en.OS.man-diar.mp4_16K.wav
upsupported file	elitr-testset/documents/ESIC/dev/20090401/014_038_EN_Mikolášik/en.OS.man-diar.mp4_16K.wav
upsupported file	elitr-testset/documents/ESIC/dev/20080903/013_021_EN_Ryan/en.OS.man-diar.mp4_16K.wav
upsupported file	elitr-testset/documents/ESIC/dev/20080903/018_017_EN_Wojciechowski/en.OS.man-diar.mp4_16K.wav
upsupported file	elitr-testset/documents/ESIC/dev/20080903/003_010_EN_BOOTH/en.OS.man-diar.mp4_16K.wav
upsupported file	elitr-testset/documents/ESIC/dev/20080903/014_012_EN_Kinnock/en.OS.man-diar.mp4_16K.wav
upsupported file	elitr-testset/documents/ESIC/dev/20080903/010_016_EN_Strejček/en.OS.man-diar.mp4_16K.wav
upsupported file	elitr-testset/documents/ESIC/dev/20110608/005_009_EN_Eppink/en.OS.man-diar.mp4_16K.wav
upsupported file	elitr-testset/documents/ESIC/dev/20090203/015_002_EN_Dobolyi/en.OS.man-diar.mp4_16K.wav
upsupported file	elitr-testset/documents/ESIC/dev/20090203/015_012_EN_Ždanoka/en.OS.man-diar.mp4_16K.wav
upsupported file	elitr-testset/documents/ESIC/dev/20090203/007_002_EN_Mikolášik/en.OS.man-diar.mp4_16K.wav
upsupported file	elitr-testset/documents/ESIC/dev/20090203/013_068_EN_Ryan/en.OS.man-diar.mp4_16K.wav
upsupported file	elitr-testset/documents/ESIC/dev/20090203/014_017_EN_Ždanoka/en.OS.man-diar.mp4_16K.wav
upsupported file	elitr-testset/documents/ESIC/dev/20090203/007_015_EN_Strejček/en.OS.man-diar.mp4_16K.wav
upsupported file	elitr-testset/documents/ESIC/dev/20090203/004_023_EN_Ryan/en.OS.man-diar.mp4_16K.wav
upsupported file	elitr-testset/documents/ESIC/dev/20090917/008_003_EN_Boştinaru/en.OS.man-diar.mp4_16K.wav
upsupported file	elitr-testset/documents/ESIC/dev/20090917/003_021_EN_Tarand/en.OS.man-diar.mp4_16K.wav
upsupported file	elitr-testset/documents/ESIC/dev/20110309/006_047_EN_McMillan-Scott/en.OS.man-diar.mp4_16K.wav
upsupported file	elitr-testset/documents/ESIC/dev/20110309/006_027_EN_McMillan-Scott/en.OS.man-diar.mp4_16K.wav
upsupported file	elitr-testset/documents/ESIC/dev/20110309/006_020_EN_Eppink/en.OS.man-diar.mp4_16K.wav
upsupported file	elitr-testset/documents/ESIC/dev/20090113/004_007_EN_Ryan/en.OS.man-diar.mp4_16K.wav
upsupported file	elitr-testset/documents/ESIC/dev/20100921/004_036_EN_Tőkés/en.OS.man-diar.mp4_16K.wav
upsupported file	elitr-testset/documents/ESIC/dev/20100921/004_022_EN_Boştinaru/en.OS.man-diar.mp4_16K.wav
upsupported file	elitr-testset/documents/ESIC/dev/20101213/016_009_EN_Ždanoka/en.OS.man-diar.mp4_16K.wav
upsupported file	elitr-testset/documents/ESIC/dev/20110119/012_009_EN_Hautala/en.OS.man-diar.mp4_16K.wav
upsupported file	elitr-testset/documents/ESIC/dev/20110119/012_013_EN_Ungureanu/en.OS.man-diar.mp4_16K.wav
upsupported file	elitr-testset/documents/ESIC/dev/20110119/010_040_EN_Ungureanu/en.OS.man-diar.mp4_16K.wav
upsupported file	elitr-testset/documents/ESIC/dev/20081022/007_004_EN_Korhola/en.OS.man-diar.mp4_16K.wav
upsupported file	elitr-testset/documents/ESIC/dev/20081022/007_006_EN_Strejček/en.OS.man-diar.mp4_16K.wav
upsupported file	elitr-testset/documents/ESIC/dev/20081022/013_036_EN_Ryan/en.OS.man-diar.mp4_16K.wav
upsupported file	elitr-testset/documents/ESIC/dev/20081022/011_035_EN_Mote/en.OS.man-diar.mp4_16K.wav
upsupported file	elitr-testset/documents/ESIC/dev/20110511/004_068_EN_Hautala/en.OS.man-diar.mp4_16K.wav
upsupported file	elitr-testset/documents/ESIC/dev/20090114/008_018_EN_Triantaphyllides/en.OS.man-diar.mp4_16K.wav
upsupported file	elitr-testset/documents/ESIC/dev/20081117/021_010_EN_Ryan/en.OS.man-diar.mp4_16K.wav
upsupported file	elitr-testset/documents/ESIC/dev/20081117/020_002_EN_Ryan/en.OS.man-diar.mp4_16K.wav
upsupported file	elitr-testset/documents/ESIC/dev/20090310/009_021_EN_Mikolášik/en.OS.man-diar.mp4_16K.wav
upsupported file	elitr-testset/documents/ESIC/dev/20090310/006_013_EN_Jackson/en.OS.man-diar.mp4_16K.wav
upsupported file	elitr-testset/documents/ESIC/dev/20090310/016_026_EN_Ryan/en.OS.man-diar.mp4_16K.wav
upsupported file	elitr-testset/documents/ESIC/dev/20090310/007_008_EN_Botopoulos/en.OS.man-diar.mp4_16K.wav
upsupported file	elitr-testset/documents/ESIC/dev/20101122/017_004_EN_Buşoi/en.OS.man-diar.mp4_16K.wav
upsupported file	elitr-testset/documents/ESIC/dev/20090505/003_008_EN_Buşoi/en.OS.man-diar.mp4_16K.wav
upsupported file	elitr-testset/documents/ESIC/dev/20100518/006_019_EN_Tarand/en.OS.man-diar.mp4_16K.wav
upsupported file	elitr-testset/documents/ESIC/dev/20100518/006_015_EN_Ždanoka/en.OS.man-diar.mp4_16K.wav
upsupported file	elitr-testset/documents/ESIC/dev/20090402/006_017_EN_Drčar-Murko/en.OS.man-diar.mp4_16K.wav
upsupported file	elitr-testset/documents/ESIC/dev/20100907/012_011_EN_Korhola/en.OS.man-diar.mp4_16K.wav
upsupported file	elitr-testset/documents/ESIC/dev/20100907/011_004_EN_Járóka/en.OS.man-diar.mp4_16K.wav
upsupported file	elitr-testset/documents/ESIC/dev/20090309/018_020_EN_Ryan/en.OS.man-diar.mp4_16K.wav
upsupported file	elitr-testset/documents/ESIC/dev/20090309/027_001_EN_Evans/en.OS.man-diar.mp4_16K.wav
upsupported file	elitr-testset/documents/ESIC/dev2/20091124/011_008_EN_Andreasen/en.OS.man-diar.mp4_16K.wav
upsupported file	elitr-testset/documents/ESIC/dev2/20091124/003_070_EN_McGuinness/en.OS.man-diar.mp4_16K.wav
upsupported file	elitr-testset/documents/ESIC/dev2/20100308/014_007_EN_Wallis/en.OS.man-diar.mp4_16K.wav
upsupported file	elitr-testset/documents/ESIC/dev2/20100908/003_007_EN_Swinburne/en.OS.man-diar.mp4_16K.wav
upsupported file	elitr-testset/documents/ESIC/dev2/20091123/016_005_EN_Nicholson/en.OS.man-diar.mp4_16K.wav
upsupported file	elitr-testset/documents/ESIC/dev2/20100906/017_038_EN_McGuinness/en.OS.man-diar.mp4_16K.wav
upsupported file	elitr-testset/documents/ESIC/dev2/20090205/003_021_EN_Nicholson/en.OS.man-diar.mp4_16K.wav
upsupported file	elitr-testset/documents/ESIC/dev2/20090115/007_004_EN_Hannan/en.OS.man-diar.mp4_16K.wav
upsupported file	elitr-testset/documents/ESIC/dev2/20110118/008_014_EN_Dodds/en.OS.man-diar.mp4_16K.wav
upsupported file	elitr-testset/documents/ESIC/dev2/20110216/012_024_EN_Arlacchi/en.OS.man-diar.mp4_16K.wav
upsupported file	elitr-testset/documents/ESIC/dev2/20100421/007_002_EN_Malmström/en.OS.man-diar.mp4_16K.wav
upsupported file	elitr-testset/documents/ESIC/dev2/20081203/015_012_EN_Kasoulides/en.OS.man-diar.mp4_16K.wav
upsupported file	elitr-testset/documents/ESIC/dev2/20101019/015_014_EN_Corazza-Bildt/en.OS.man-diar.mp4_16K.wav
upsupported file	elitr-testset/documents/ESIC/dev2/20100309/013_052_EN_Mitchell/en.OS.man-diar.mp4_16K.wav
upsupported file	elitr-testset/documents/ESIC/dev2/20081021/012_038_EN_Savi/en.OS.man-diar.mp4_16K.wav
upsupported file	elitr-testset/documents/ESIC/dev2/20090506/016_017_EN_Hannan/en.OS.man-diar.mp4_16K.wav
upsupported file	elitr-testset/documents/ESIC/dev2/20100921/006_016_EN_Batten/en.OS.man-diar.mp4_16K.wav
upsupported file	elitr-testset/documents/ESIC/dev2/20100921/012_005_EN_Andreasen/en.OS.man-diar.mp4_16K.wav
upsupported file	elitr-testset/documents/ESIC/dev2/20090423/003_017_EN_Allister/en.OS.man-diar.mp4_16K.wav
upsupported file	elitr-testset/documents/ESIC/dev2/20110511/013_014_EN_Bloom/en.OS.man-diar.mp4_16K.wav
upsupported file	elitr-testset/documents/ESIC/dev2/20090114/008_054_EN_Karim/en.OS.man-diar.mp4_16K.wav
upsupported file	elitr-testset/documents/ESIC/dev2/20101213/015_018_EN_Gallagher/en.OS.man-diar.mp4_16K.wav
upsupported file	elitr-testset/documents/ESIC/dev2/20110119/012_008_EN_Ojuland/en.OS.man-diar.mp4_16K.wav
upsupported file	elitr-testset/documents/ESIC/dev2/20110405/009_010_EN_Barroso/en.OS.man-diar.mp4_16K.wav
upsupported file	elitr-testset/documents/ESIC/dev2/20090309/015_013_EN_Deva/en.OS.man-diar.mp4_16K.wav
upsupported file	elitr-testset/documents/ESIC/dev2/20090505/006_006_EN_Hannan/en.OS.man-diar.mp4_16K.wav
upsupported file	elitr-testset/documents/ESIC/dev2/20100518/006_005_EN_Malmström/en.OS.man-diar.mp4_16K.wav
upsupported file	elitr-testset/documents/ESIC/dev/20101006/014_023_EN_Boştinaru/en.OS.man-diar.mp4_16K.wav
upsupported file	elitr-testset/documents/ESIC/dev/20101006/014_015_EN_Bozkurt/en.OS.man-diar.mp4_16K.wav
upsupported file	elitr-testset/documents/ESIC/dev/20080902/017_005_EN_Drčar-Murko/en.OS.man-diar.mp4_16K.wav
upsupported file	elitr-testset/documents/ESIC/dev/20080902/006_010_EN_Strejček/en.OS.man-diar.mp4_16K.wav
upsupported file	elitr-testset/documents/ESIC/dev/20080902/004_023_EN_Ždanoka/en.OS.man-diar.mp4_16K.wav
upsupported file	elitr-testset/documents/ESIC/dev/20080902/010_041_EN_Buşoi/en.OS.man-diar.mp4_16K.wav
upsupported file	elitr-testset/documents/ESIC/dev/20100120/011_015_EN_Eppink/en.OS.man-diar.mp4_16K.wav
upsupported file	elitr-testset/documents/ESIC/dev/20100211/004_026_EN_Korhola/en.OS.man-diar.mp4_16K.wav
upsupported file	elitr-testset/documents/ESIC/dev/20110609/004_002_EN_Korhola/en.OS.man-diar.mp4_16K.wav
upsupported file	elitr-testset/documents/ESIC/dev/20110609/004_013_EN_Prendergast/en.OS.man-diar.mp4_16K.wav
upsupported file	elitr-testset/documents/ESIC/dev/20091008/005_022_EN_Tarand/en.OS.man-diar.mp4_16K.wav
upsupported file	elitr-testset/documents/ESIC/dev/20091008/005_020_EN_Tarand/en.OS.man-diar.mp4_16K.wav
upsupported file	elitr-testset/documents/ESIC/dev/20081020/012_014_EN_Ryan/en.OS.man-diar.mp4_16K.wav
upsupported file	elitr-testset/documents/ESIC/dev/20081020/012_015_EN_Járóka/en.OS.man-diar.mp4_16K.wav
upsupported file	elitr-testset/documents/ESIC/dev/20080923/004_030_EN_Mote/en.OS.man-diar.mp4_16K.wav
upsupported file	elitr-testset/documents/ESIC/dev/20080923/006_015_EN_Boştinaru/en.OS.man-diar.mp4_16K.wav
upsupported file	elitr-testset/documents/ESIC/dev/20080923/015_007_EN_Csibi/en.OS.man-diar.mp4_16K.wav
upsupported file	elitr-testset/documents/ESIC/dev/20080923/013_010_EN_Ryan/en.OS.man-diar.mp4_16K.wav
upsupported file	elitr-testset/documents/ESIC/dev/20080923/014_008_EN_Ždanoka/en.OS.man-diar.mp4_16K.wav
upsupported file	elitr-testset/documents/ESIC/dev/20080924/004_006_EN_BOOTH/en.OS.man-diar.mp4_16K.wav
upsupported file	elitr-testset/documents/ESIC/dev/20080924/004_010_EN_Kauppi/en.OS.man-diar.mp4_16K.wav
upsupported file	elitr-testset/documents/ESIC/dev/20081118/013_001_EN_Kauppi/en.OS.man-diar.mp4_16K.wav
upsupported file	elitr-testset/documents/ESIC/dev/20081118/011_052_EN_Kauppi/en.OS.man-diar.mp4_16K.wav
upsupported file	elitr-testset/documents/ESIC/dev/20081118/008_011_EN_Strejček/en.OS.man-diar.mp4_16K.wav
upsupported file	elitr-testset/documents/ESIC/dev/20081118/013_012_EN_Kauppi/en.OS.man-diar.mp4_16K.wav
upsupported file	elitr-testset/documents/ESIC/dev/20100308/014_010_EN_Triantaphyllides/en.OS.man-diar.mp4_16K.wav
upsupported file	elitr-testset/documents/ESIC/dev/20100308/018_008_EN_Casa/en.OS.man-diar.mp4_16K.wav
upsupported file	elitr-testset/documents/ESIC/dev/20100308/014_034_EN_Mészáros/en.OS.man-diar.mp4_16K.wav
upsupported file	elitr-testset/documents/ESIC/dev/20090218/019_022_EN_Wojciechowski/en.OS.man-diar.mp4_16K.wav
upsupported file	elitr-testset/documents/ESIC/dev/20081120/005_003_EN_Jackson/en.OS.man-diar.mp4_16K.wav
upsupported file	elitr-testset/documents/ESIC/dev/20081120/003_010_EN_Mote/en.OS.man-diar.mp4_16K.wav
upsupported file	elitr-testset/documents/ESIC/dev/20110215/005_017_EN_Tarand/en.OS.man-diar.mp4_16K.wav
upsupported file	elitr-testset/documents/ESIC/dev/20110215/003_016_EN_Schlyter/en.OS.man-diar.mp4_16K.wav
upsupported file	elitr-testset/documents/ESIC/dev/20110215/005_015_EN_Hautala/en.OS.man-diar.mp4_16K.wav
upsupported file	elitr-testset/documents/ESIC/dev/20090915/011_042_EN_Eppink/en.OS.man-diar.mp4_16K.wav
upsupported file	elitr-testset/documents/ESIC/dev/20100908/011_006_EN_Tarand/en.OS.man-diar.mp4_16K.wav
upsupported file	elitr-testset/documents/ESIC/dev/20100908/004_016_EN_Mikolášik/en.OS.man-diar.mp4_16K.wav
upsupported file	elitr-testset/documents/ESIC/dev/20100908/011_005_EN_van-Baalen/en.OS.man-diar.mp4_16K.wav
upsupported file	elitr-testset/documents/ESIC/dev/20091123/016_018_EN_Thaler/en.OS.man-diar.mp4_16K.wav
upsupported file	elitr-testset/documents/ESIC/dev/20080901/018_006_EN_Ždanoka/en.OS.man-diar.mp4_16K.wav
upsupported file	elitr-testset/documents/ESIC/dev/20080901/020_010_EN_Wojciechowski/en.OS.man-diar.mp4_16K.wav
upsupported file	elitr-testset/documents/ESIC/dev/20100519/003_018_EN_Eppink/en.OS.man-diar.mp4_16K.wav
upsupported file	elitr-testset/documents/ESIC/dev/20100519/007_002_EN_Schlyter/en.OS.man-diar.mp4_16K.wav
upsupported file	elitr-testset/documents/ESIC/dev/20110404/014_007_EN_Triantaphyllides/en.OS.man-diar.mp4_16K.wav
upsupported file	elitr-testset/documents/ESIC/dev/20081008/015_004_EN_Kauppi/en.OS.man-diar.mp4_16K.wav
upsupported file	elitr-testset/documents/ESIC/dev/20091020/012_011_EN_Buşoi/en.OS.man-diar.mp4_16K.wav
upsupported file	elitr-testset/documents/ESIC/dev/20110118/005_031_EN_Boştinaru/en.OS.man-diar.mp4_16K.wav
upsupported file	elitr-testset/documents/ESIC/dev/20110118/006_006_EN_Swoboda/en.OS.man-diar.mp4_16K.wav
upsupported file	elitr-testset/documents/ESIC/dev/20081023/004_014_EN_Dobolyi/en.OS.man-diar.mp4_16K.wav
upsupported file	elitr-testset/documents/ESIC/dev/20090323/013_004_EN_Ryan/en.OS.man-diar.mp4_16K.wav
upsupported file	elitr-testset/documents/ESIC/dev/20090323/014_019_EN_Kinnock/en.OS.man-diar.mp4_16K.wav
upsupported file	elitr-testset/documents/ESIC/dev/20090323/014_023_EN_Kinnock/en.OS.man-diar.mp4_16K.wav
upsupported file	elitr-testset/documents/ESIC/dev/20090115/002_023_EN_Dover/en.OS.man-diar.mp4_16K.wav
upsupported file	elitr-testset/documents/ESIC/dev/20110120/003_004_EN_Buşoi/en.OS.man-diar.mp4_16K.wav
upsupported file	elitr-testset/documents/ESIC/dev/20110120/003_001_EN_Eppink/en.OS.man-diar.mp4_16K.wav
upsupported file	elitr-testset/documents/ESIC/dev/20090422/007_012_EN_Ryan/en.OS.man-diar.mp4_16K.wav
upsupported file	elitr-testset/documents/ESIC/dev/20090422/011_005_EN_Botopoulos/en.OS.man-diar.mp4_16K.wav
upsupported file	elitr-testset/documents/ESIC/dev/20101123/017_012_EN_Hautala/en.OS.man-diar.mp4_16K.wav
upsupported file	elitr-testset/documents/ESIC/dev/20101123/017_005_EN_McMillan-Scott/en.OS.man-diar.mp4_16K.wav
upsupported file	elitr-testset/documents/ESIC/dev/20090112/013_013_EN_Csibi/en.OS.man-diar.mp4_16K.wav
upsupported file	elitr-testset/documents/ESIC/dev/20090112/014_012_EN_Mote/en.OS.man-diar.mp4_16K.wav
upsupported file	elitr-testset/documents/ESIC/dev/20081218/003_019_EN_Botopoulos/en.OS.man-diar.mp4_16K.wav
upsupported file	elitr-testset/documents/ESIC/dev/20090324/003_052_EN_Ryan/en.OS.man-diar.mp4_16K.wav
upsupported file	elitr-testset/documents/ESIC/dev/20090324/003_005_EN_Mikolášik/en.OS.man-diar.mp4_16K.wav
upsupported file	elitr-testset/documents/ESIC/dev/20090324/003_056_EN_Dover/en.OS.man-diar.mp4_16K.wav
upsupported file	elitr-testset/documents/ESIC/dev/20110216/012_028_EN_McMillan-Scott/en.OS.man-diar.mp4_16K.wav
upsupported file	elitr-testset/documents/ESIC/dev/20101215/014_045_EN_Hautala/en.OS.man-diar.mp4_16K.wav
upsupported file	elitr-testset/documents/ESIC/dev/20101215/006_020_EN_Boştinaru/en.OS.man-diar.mp4_16K.wav
upsupported file	elitr-testset/documents/ESIC/dev/20101215/014_025_EN_McMillan-Scott/en.OS.man-diar.mp4_16K.wav
upsupported file	elitr-testset/documents/ESIC/dev/20101215/014_006_EN_Hautala/en.OS.man-diar.mp4_16K.wav
upsupported file	elitr-testset/documents/ESIC/dev/20090202/013_007_EN_Triantaphyllides/en.OS.man-diar.mp4_16K.wav
upsupported file	elitr-testset/documents/ESIC/dev/20090916/015_009_EN_Donskis/en.OS.man-diar.mp4_16K.wav
upsupported file	elitr-testset/documents/ESIC/dev/20090916/006_022_EN_Boştinaru/en.OS.man-diar.mp4_16K.wav
upsupported file	elitr-testset/documents/ESIC/dev/20090916/006_020_EN_Ždanoka/en.OS.man-diar.mp4_16K.wav
upsupported file	elitr-testset/documents/ESIC/dev/20100421/007_025_EN_Ungureanu/en.OS.man-diar.mp4_16K.wav
upsupported file	elitr-testset/documents/ESIC/dev/20100421/007_016_EN_Essayah/en.OS.man-diar.mp4_16K.wav
upsupported file	elitr-testset/documents/ESIC/dev/20110308/007_058_EN_Plumb/en.OS.man-diar.mp4_16K.wav
upsupported file	elitr-testset/documents/ESIC/dev/20110308/007_002_EN_Plumb/en.OS.man-diar.mp4_16K.wav
upsupported file	elitr-testset/documents/ESIC/dev/20110308/020_017_EN_Vidal-Quadras/en.OS.man-diar.mp4_16K.wav
upsupported file	elitr-testset/documents/ESIC/dev/20110308/016_001_EN_Járóka/en.OS.man-diar.mp4_16K.wav
upsupported file	elitr-testset/documents/ESIC/dev/20110308/006_023_EN_Tarand/en.OS.man-diar.mp4_16K.wav
upsupported file	elitr-testset/documents/ESIC/dev/20110308/015_016_EN_Tőkés/en.OS.man-diar.mp4_16K.wav
upsupported file	elitr-testset/documents/ESIC/dev/20110308/016_028_EN_Plumb/en.OS.man-diar.mp4_16K.wav
upsupported file	elitr-testset/documents/ESIC/dev/20110308/016_033_EN_Járóka/en.OS.man-diar.mp4_16K.wav
upsupported file	elitr-testset/documents/ESIC/dev/20081203/012_018_EN_Wojciechowski/en.OS.man-diar.mp4_16K.wav
upsupported file	elitr-testset/documents/ESIC/dev/20080925/013_007_EN_Tőkés/en.OS.man-diar.mp4_16K.wav
upsupported file	elitr-testset/documents/ESIC/dev/20100309/012_021_EN_Bozkurt/en.OS.man-diar.mp4_16K.wav
upsupported file	elitr-testset/documents/ESIC/dev/20101021/003_008_EN_Ungureanu/en.OS.man-diar.mp4_16K.wav
upsupported file	elitr-testset/documents/ESIC/dev/20101021/003_005_EN_Ždanoka/en.OS.man-diar.mp4_16K.wav
upsupported file	elitr-testset/documents/ESIC/dev/20100922/003_034_EN_Járóka/en.OS.man-diar.mp4_16K.wav
upsupported file	elitr-testset/documents/ESIC/dev/20100922/003_020_EN_Eppink/en.OS.man-diar.mp4_16K.wav
upsupported file	elitr-testset/documents/ESIC/dev/20110117/021_012_EN_Járóka/en.OS.man-diar.mp4_16K.wav
upsupported file	elitr-testset/documents/ESIC/dev/20100505/017_016_EN_Trzaskowski/en.OS.man-diar.mp4_16K.wav
upsupported file	elitr-testset/documents/ESIC/dev/20110623/005_002_EN_Mikolášik/en.OS.man-diar.mp4_16K.wav
upsupported file	elitr-testset/documents/ESIC/dev/20110623/005_061_EN_Mikolášik/en.OS.man-diar.mp4_16K.wav
upsupported file	elitr-testset/documents/ESIC/dev/20081021/007_030_EN_Atkins/en.OS.man-diar.mp4_16K.wav
upsupported file	elitr-testset/documents/ESIC/dev/20081021/012_022_EN_Ždanoka/en.OS.man-diar.mp4_16K.wav
upsupported file	elitr-testset/documents/ESIC/dev/20081021/009_002_EN_Boştinaru/en.OS.man-diar.mp4_16K.wav
upsupported file	elitr-testset/documents/ESIC/dev/20080922/020_004_EN_Boştinaru/en.OS.man-diar.mp4_16K.wav
upsupported file	elitr-testset/documents/ESIC/dev/20080922/018_013_EN_Csibi/en.OS.man-diar.mp4_16K.wav
upsupported file	elitr-testset/documents/ESIC/dev/20080922/018_006_EN_Ryan/en.OS.man-diar.mp4_16K.wav
upsupported file	elitr-testset/documents/ESIC/dev/20080922/019_009_EN_Ryan/en.OS.man-diar.mp4_16K.wav
upsupported file	elitr-testset/documents/ESIC/dev/20080922/021_009_EN_Wise/en.OS.man-diar.mp4_16K.wav
upsupported file	elitr-testset/documents/ESIC/dev/20100325/003_038_EN_Casa/en.OS.man-diar.mp4_16K.wav
upsupported file	elitr-testset/documents/ESIC/dev/20090401/014_038_EN_Mikolášik/en.OS.man-diar.mp4_16K.wav
upsupported file	elitr-testset/documents/ESIC/dev/20080903/013_021_EN_Ryan/en.OS.man-diar.mp4_16K.wav
upsupported file	elitr-testset/documents/ESIC/dev/20080903/018_017_EN_Wojciechowski/en.OS.man-diar.mp4_16K.wav
upsupported file	elitr-testset/documents/ESIC/dev/20080903/003_010_EN_BOOTH/en.OS.man-diar.mp4_16K.wav
upsupported file	elitr-testset/documents/ESIC/dev/20080903/014_012_EN_Kinnock/en.OS.man-diar.mp4_16K.wav
upsupported file	elitr-testset/documents/ESIC/dev/20080903/010_016_EN_Strejček/en.OS.man-diar.mp4_16K.wav
upsupported file	elitr-testset/documents/ESIC/dev/20110608/005_009_EN_Eppink/en.OS.man-diar.mp4_16K.wav
upsupported file	elitr-testset/documents/ESIC/dev/20090203/015_002_EN_Dobolyi/en.OS.man-diar.mp4_16K.wav
upsupported file	elitr-testset/documents/ESIC/dev/20090203/015_012_EN_Ždanoka/en.OS.man-diar.mp4_16K.wav
upsupported file	elitr-testset/documents/ESIC/dev/20090203/007_002_EN_Mikolášik/en.OS.man-diar.mp4_16K.wav
upsupported file	elitr-testset/documents/ESIC/dev/20090203/013_068_EN_Ryan/en.OS.man-diar.mp4_16K.wav
upsupported file	elitr-testset/documents/ESIC/dev/20090203/014_017_EN_Ždanoka/en.OS.man-diar.mp4_16K.wav
upsupported file	elitr-testset/documents/ESIC/dev/20090203/007_015_EN_Strejček/en.OS.man-diar.mp4_16K.wav
upsupported file	elitr-testset/documents/ESIC/dev/20090203/004_023_EN_Ryan/en.OS.man-diar.mp4_16K.wav
upsupported file	elitr-testset/documents/ESIC/dev/20090917/008_003_EN_Boştinaru/en.OS.man-diar.mp4_16K.wav
upsupported file	elitr-testset/documents/ESIC/dev/20090917/003_021_EN_Tarand/en.OS.man-diar.mp4_16K.wav
upsupported file	elitr-testset/documents/ESIC/dev/20110309/006_047_EN_McMillan-Scott/en.OS.man-diar.mp4_16K.wav
upsupported file	elitr-testset/documents/ESIC/dev/20110309/006_027_EN_McMillan-Scott/en.OS.man-diar.mp4_16K.wav
upsupported file	elitr-testset/documents/ESIC/dev/20110309/006_020_EN_Eppink/en.OS.man-diar.mp4_16K.wav
upsupported file	elitr-testset/documents/ESIC/dev/20090113/004_007_EN_Ryan/en.OS.man-diar.mp4_16K.wav
upsupported file	elitr-testset/documents/ESIC/dev/20100921/004_036_EN_Tőkés/en.OS.man-diar.mp4_16K.wav
upsupported file	elitr-testset/documents/ESIC/dev/20100921/004_022_EN_Boştinaru/en.OS.man-diar.mp4_16K.wav
upsupported file	elitr-testset/documents/ESIC/dev/20101213/016_009_EN_Ždanoka/en.OS.man-diar.mp4_16K.wav
upsupported file	elitr-testset/documents/ESIC/dev/20110119/012_009_EN_Hautala/en.OS.man-diar.mp4_16K.wav
upsupported file	elitr-testset/documents/ESIC/dev/20110119/012_013_EN_Ungureanu/en.OS.man-diar.mp4_16K.wav
upsupported file	elitr-testset/documents/ESIC/dev/20110119/010_040_EN_Ungureanu/en.OS.man-diar.mp4_16K.wav
upsupported file	elitr-testset/documents/ESIC/dev/20081022/007_004_EN_Korhola/en.OS.man-diar.mp4_16K.wav
upsupported file	elitr-testset/documents/ESIC/dev/20081022/007_006_EN_Strejček/en.OS.man-diar.mp4_16K.wav
upsupported file	elitr-testset/documents/ESIC/dev/20081022/013_036_EN_Ryan/en.OS.man-diar.mp4_16K.wav
upsupported file	elitr-testset/documents/ESIC/dev/20081022/011_035_EN_Mote/en.OS.man-diar.mp4_16K.wav
upsupported file	elitr-testset/documents/ESIC/dev/20110511/004_068_EN_Hautala/en.OS.man-diar.mp4_16K.wav
upsupported file	elitr-testset/documents/ESIC/dev/20090114/008_018_EN_Triantaphyllides/en.OS.man-diar.mp4_16K.wav
upsupported file	elitr-testset/documents/ESIC/dev/20081117/021_010_EN_Ryan/en.OS.man-diar.mp4_16K.wav
upsupported file	elitr-testset/documents/ESIC/dev/20081117/020_002_EN_Ryan/en.OS.man-diar.mp4_16K.wav
upsupported file	elitr-testset/documents/ESIC/dev/20090310/009_021_EN_Mikolášik/en.OS.man-diar.mp4_16K.wav
upsupported file	elitr-testset/documents/ESIC/dev/20090310/006_013_EN_Jackson/en.OS.man-diar.mp4_16K.wav
upsupported file	elitr-testset/documents/ESIC/dev/20090310/016_026_EN_Ryan/en.OS.man-diar.mp4_16K.wav
upsupported file	elitr-testset/documents/ESIC/dev/20090310/007_008_EN_Botopoulos/en.OS.man-diar.mp4_16K.wav
upsupported file	elitr-testset/documents/ESIC/dev/20101122/017_004_EN_Buşoi/en.OS.man-diar.mp4_16K.wav
upsupported file	elitr-testset/documents/ESIC/dev/20090505/003_008_EN_Buşoi/en.OS.man-diar.mp4_16K.wav
upsupported file	elitr-testset/documents/ESIC/dev/20100518/006_019_EN_Tarand/en.OS.man-diar.mp4_16K.wav
upsupported file	elitr-testset/documents/ESIC/dev/20100518/006_015_EN_Ždanoka/en.OS.man-diar.mp4_16K.wav
upsupported file	elitr-testset/documents/ESIC/dev/20090402/006_017_EN_Drčar-Murko/en.OS.man-diar.mp4_16K.wav
upsupported file	elitr-testset/documents/ESIC/dev/20100907/012_011_EN_Korhola/en.OS.man-diar.mp4_16K.wav
upsupported file	elitr-testset/documents/ESIC/dev/20100907/011_004_EN_Járóka/en.OS.man-diar.mp4_16K.wav
upsupported file	elitr-testset/documents/ESIC/dev/20090309/018_020_EN_Ryan/en.OS.man-diar.mp4_16K.wav
upsupported file	elitr-testset/documents/ESIC/dev/20090309/027_001_EN_Evans/en.OS.man-diar.mp4_16K.wav
upsupported file	elitr-testset/documents/ESIC/dev2/20091124/011_008_EN_Andreasen/en.OS.man-diar.mp4_16K.wav
upsupported file	elitr-testset/documents/ESIC/dev2/20091124/003_070_EN_McGuinness/en.OS.man-diar.mp4_16K.wav
upsupported file	elitr-testset/documents/ESIC/dev2/20100308/014_007_EN_Wallis/en.OS.man-diar.mp4_16K.wav
upsupported file	elitr-testset/documents/ESIC/dev2/20100908/003_007_EN_Swinburne/en.OS.man-diar.mp4_16K.wav
upsupported file	elitr-testset/documents/ESIC/dev2/20091123/016_005_EN_Nicholson/en.OS.man-diar.mp4_16K.wav
upsupported file	elitr-testset/documents/ESIC/dev2/20100906/017_038_EN_McGuinness/en.OS.man-diar.mp4_16K.wav
upsupported file	elitr-testset/documents/ESIC/dev2/20090205/003_021_EN_Nicholson/en.OS.man-diar.mp4_16K.wav
upsupported file	elitr-testset/documents/ESIC/dev2/20090115/007_004_EN_Hannan/en.OS.man-diar.mp4_16K.wav
upsupported file	elitr-testset/documents/ESIC/dev2/20110118/008_014_EN_Dodds/en.OS.man-diar.mp4_16K.wav
upsupported file	elitr-testset/documents/ESIC/dev2/20110216/012_024_EN_Arlacchi/en.OS.man-diar.mp4_16K.wav
upsupported file	elitr-testset/documents/ESIC/dev2/20100421/007_002_EN_Malmström/en.OS.man-diar.mp4_16K.wav
upsupported file	elitr-testset/documents/ESIC/dev2/20081203/015_012_EN_Kasoulides/en.OS.man-diar.mp4_16K.wav
upsupported file	elitr-testset/documents/ESIC/dev2/20101019/015_014_EN_Corazza-Bildt/en.OS.man-diar.mp4_16K.wav
upsupported file	elitr-testset/documents/ESIC/dev2/20100309/013_052_EN_Mitchell/en.OS.man-diar.mp4_16K.wav
upsupported file	elitr-testset/documents/ESIC/dev2/20081021/012_038_EN_Savi/en.OS.man-diar.mp4_16K.wav
upsupported file	elitr-testset/documents/ESIC/dev2/20090506/016_017_EN_Hannan/en.OS.man-diar.mp4_16K.wav
upsupported file	elitr-testset/documents/ESIC/dev2/20100921/006_016_EN_Batten/en.OS.man-diar.mp4_16K.wav
upsupported file	elitr-testset/documents/ESIC/dev2/20100921/012_005_EN_Andreasen/en.OS.man-diar.mp4_16K.wav
upsupported file	elitr-testset/documents/ESIC/dev2/20090423/003_017_EN_Allister/en.OS.man-diar.mp4_16K.wav
upsupported file	elitr-testset/documents/ESIC/dev2/20110511/013_014_EN_Bloom/en.OS.man-diar.mp4_16K.wav
upsupported file	elitr-testset/documents/ESIC/dev2/20090114/008_054_EN_Karim/en.OS.man-diar.mp4_16K.wav
upsupported file	elitr-testset/documents/ESIC/dev2/20101213/015_018_EN_Gallagher/en.OS.man-diar.mp4_16K.wav
upsupported file	elitr-testset/documents/ESIC/dev2/20110119/012_008_EN_Ojuland/en.OS.man-diar.mp4_16K.wav
upsupported file	elitr-testset/documents/ESIC/dev2/20110405/009_010_EN_Barroso/en.OS.man-diar.mp4_16K.wav
upsupported file	elitr-testset/documents/ESIC/dev2/20090309/015_013_EN_Deva/en.OS.man-diar.mp4_16K.wav
upsupported file	elitr-testset/documents/ESIC/dev2/20090505/006_006_EN_Hannan/en.OS.man-diar.mp4_16K.wav
upsupported file	elitr-testset/documents/ESIC/dev2/20100518/006_005_EN_Malmström/en.OS.man-diar.mp4_16K.wav
