upsupported file	elitr-testset/documents/langtools-workshop/20200323-second-pre-dry-run/asr-slt.en.mp3
upsupported file	elitr-testset/documents/langtools-workshop/20200323-second-pre-dry-run/asr-slt.en.OS.wav.LINK
upsupported file	elitr-testset/documents/langtools-workshop/20200323-second-pre-dry-run/michal.en.OSt.mp3
upsupported file	elitr-testset/documents/langtools-workshop/20200323-second-pre-dry-run/michal.en.OS.wav.link
upsupported file	elitr-testset/documents/langtools-workshop/20200323-second-pre-dry-run/ondrej.en.OS.mp3
upsupported file	elitr-testset/documents/langtools-workshop/20200323-second-pre-dry-run/ondrej.en.OS.wav.link
upsupported file	elitr-testset/documents/langtools-workshop/20200323-second-pre-dry-run/rudolf.en.OSt.mp3
upsupported file	elitr-testset/documents/langtools-workshop/20200323-second-pre-dry-run/rudolf.en.OS.wav.link
upsupported file	elitr-testset/documents/langtools-workshop/20200323-second-pre-dry-run/tomas.en.OS.mp3
upsupported file	elitr-testset/documents/langtools-workshop/20200323-second-pre-dry-run/tomas.en.OS.wav.link
upsupported file	elitr-testset/documents/langtools-workshop/20200323-second-pre-dry-run/asr-slt.en.mp3
upsupported file	elitr-testset/documents/langtools-workshop/20200323-second-pre-dry-run/asr-slt.en.OS.wav.LINK
upsupported file	elitr-testset/documents/langtools-workshop/20200323-second-pre-dry-run/michal.en.OSt.mp3
upsupported file	elitr-testset/documents/langtools-workshop/20200323-second-pre-dry-run/michal.en.OS.wav.link
upsupported file	elitr-testset/documents/langtools-workshop/20200323-second-pre-dry-run/ondrej.en.OS.mp3
upsupported file	elitr-testset/documents/langtools-workshop/20200323-second-pre-dry-run/ondrej.en.OS.wav.link
upsupported file	elitr-testset/documents/langtools-workshop/20200323-second-pre-dry-run/rudolf.en.OSt.mp3
upsupported file	elitr-testset/documents/langtools-workshop/20200323-second-pre-dry-run/rudolf.en.OS.wav.link
upsupported file	elitr-testset/documents/langtools-workshop/20200323-second-pre-dry-run/tomas.en.OS.mp3
upsupported file	elitr-testset/documents/langtools-workshop/20200323-second-pre-dry-run/tomas.en.OS.wav.link
upsupported file	elitr-testset/documents/langtools-workshop/20200323-second-pre-dry-run/asr-slt.en.mp3
upsupported file	elitr-testset/documents/langtools-workshop/20200323-second-pre-dry-run/asr-slt.en.OS.wav.LINK
upsupported file	elitr-testset/documents/langtools-workshop/20200323-second-pre-dry-run/michal.en.OSt.mp3
upsupported file	elitr-testset/documents/langtools-workshop/20200323-second-pre-dry-run/michal.en.OS.wav.link
upsupported file	elitr-testset/documents/langtools-workshop/20200323-second-pre-dry-run/ondrej.en.OS.mp3
upsupported file	elitr-testset/documents/langtools-workshop/20200323-second-pre-dry-run/ondrej.en.OS.wav.link
upsupported file	elitr-testset/documents/langtools-workshop/20200323-second-pre-dry-run/rudolf.en.OSt.mp3
upsupported file	elitr-testset/documents/langtools-workshop/20200323-second-pre-dry-run/rudolf.en.OS.wav.link
upsupported file	elitr-testset/documents/langtools-workshop/20200323-second-pre-dry-run/tomas.en.OS.mp3
upsupported file	elitr-testset/documents/langtools-workshop/20200323-second-pre-dry-run/tomas.en.OS.wav.link
