upsupported file	elitr-testset/documents/czech-asr/comp_linguistics/comp_linguistics.cs.OS.mp3
upsupported file	elitr-testset/documents/czech-asr/europarliament/europarliament.cs.OS.mp3
upsupported file	elitr-testset/documents/czech-asr/rozhlas/rozhlas.cs.OS.mp3
upsupported file	elitr-testset/documents/czech-asr/snemovna/snemovna.cs.OS.mp3
upsupported file	elitr-testset/documents/czech-asr/wgvat/wgvat.cs.OS.mp3
upsupported file	elitr-testset/documents/iwslt2020-nonnative-slt/testset/sao-wgvat/belgian.en.IScs.mp3
upsupported file	elitr-testset/documents/iwslt2020-nonnative-slt/testset/sao-wgvat/polish.en.IScs.mp3
upsupported file	elitr-testset/documents/iwslt2020-nonnative-slt/testset/sao-wgvat/romanian.en.IScs.mp3
upsupported file	elitr-testset/documents/iwslt2020-nonnative-slt/testset/sao-wgvat/spanish.en.IScs.mp3
upsupported file	elitr-testset/documents/czech-asr/comp_linguistics/comp_linguistics.cs.OS.mp3
upsupported file	elitr-testset/documents/czech-asr/europarliament/europarliament.cs.OS.mp3
upsupported file	elitr-testset/documents/czech-asr/rozhlas/rozhlas.cs.OS.mp3
upsupported file	elitr-testset/documents/czech-asr/snemovna/snemovna.cs.OS.mp3
upsupported file	elitr-testset/documents/czech-asr/wgvat/wgvat.cs.OS.mp3
upsupported file	elitr-testset/documents/iwslt2020-nonnative-slt/testset/sao-wgvat/belgian.en.IScs.mp3
upsupported file	elitr-testset/documents/iwslt2020-nonnative-slt/testset/sao-wgvat/polish.en.IScs.mp3
upsupported file	elitr-testset/documents/iwslt2020-nonnative-slt/testset/sao-wgvat/romanian.en.IScs.mp3
upsupported file	elitr-testset/documents/iwslt2020-nonnative-slt/testset/sao-wgvat/spanish.en.IScs.mp3
upsupported file	elitr-testset/documents/czech-asr/comp_linguistics/comp_linguistics.cs.OS.mp3
upsupported file	elitr-testset/documents/czech-asr/europarliament/europarliament.cs.OS.mp3
upsupported file	elitr-testset/documents/czech-asr/rozhlas/rozhlas.cs.OS.mp3
upsupported file	elitr-testset/documents/czech-asr/snemovna/snemovna.cs.OS.mp3
upsupported file	elitr-testset/documents/czech-asr/wgvat/wgvat.cs.OS.mp3
upsupported file	elitr-testset/documents/iwslt2020-nonnative-slt/testset/sao-wgvat/belgian.en.IScs.mp3
upsupported file	elitr-testset/documents/iwslt2020-nonnative-slt/testset/sao-wgvat/polish.en.IScs.mp3
upsupported file	elitr-testset/documents/iwslt2020-nonnative-slt/testset/sao-wgvat/romanian.en.IScs.mp3
upsupported file	elitr-testset/documents/iwslt2020-nonnative-slt/testset/sao-wgvat/spanish.en.IScs.mp3
upsupported file	elitr-testset/documents/czech-asr/comp_linguistics/comp_linguistics.cs.OS.mp3
upsupported file	elitr-testset/documents/czech-asr/europarliament/europarliament.cs.OS.mp3
upsupported file	elitr-testset/documents/czech-asr/rozhlas/rozhlas.cs.OS.mp3
upsupported file	elitr-testset/documents/czech-asr/snemovna/snemovna.cs.OS.mp3
upsupported file	elitr-testset/documents/czech-asr/wgvat/wgvat.cs.OS.mp3
upsupported file	elitr-testset/documents/iwslt2020-nonnative-slt/testset/sao-wgvat/belgian.en.IScs.mp3
upsupported file	elitr-testset/documents/iwslt2020-nonnative-slt/testset/sao-wgvat/polish.en.IScs.mp3
upsupported file	elitr-testset/documents/iwslt2020-nonnative-slt/testset/sao-wgvat/romanian.en.IScs.mp3
upsupported file	elitr-testset/documents/iwslt2020-nonnative-slt/testset/sao-wgvat/spanish.en.IScs.mp3
