upsupported file	elitr-testset/documents/iwslt2020-nonnative-slt/testset/sao-consecutive/austrian.en.mkv
upsupported file	elitr-testset/documents/iwslt2020-nonnative-slt/testset/sao-consecutive/austrian.en.mp4
upsupported file	elitr-testset/documents/iwslt2020-nonnative-slt/testset/sao-consecutive/austrian.en.OS.mp3
upsupported file	elitr-testset/documents/iwslt2020-nonnative-slt/testset/sao-consecutive/austrian.en.OS.wav.link
upsupported file	elitr-testset/documents/iwslt2020-nonnative-slt/testset/sao-consecutive/dutch.en.mkv
upsupported file	elitr-testset/documents/iwslt2020-nonnative-slt/testset/sao-consecutive/dutch.en.mp4
upsupported file	elitr-testset/documents/iwslt2020-nonnative-slt/testset/sao-consecutive/dutch.en.OS.mp3
upsupported file	elitr-testset/documents/iwslt2020-nonnative-slt/testset/sao-consecutive/dutch.en.OS.wav.link
upsupported file	elitr-testset/documents/iwslt2020-nonnative-slt/testset/sao-consecutive/austrian.en.mkv
upsupported file	elitr-testset/documents/iwslt2020-nonnative-slt/testset/sao-consecutive/austrian.en.mp4
upsupported file	elitr-testset/documents/iwslt2020-nonnative-slt/testset/sao-consecutive/austrian.en.OS.mp3
upsupported file	elitr-testset/documents/iwslt2020-nonnative-slt/testset/sao-consecutive/austrian.en.OS.wav.link
upsupported file	elitr-testset/documents/iwslt2020-nonnative-slt/testset/sao-consecutive/dutch.en.mkv
upsupported file	elitr-testset/documents/iwslt2020-nonnative-slt/testset/sao-consecutive/dutch.en.mp4
upsupported file	elitr-testset/documents/iwslt2020-nonnative-slt/testset/sao-consecutive/dutch.en.OS.mp3
upsupported file	elitr-testset/documents/iwslt2020-nonnative-slt/testset/sao-consecutive/dutch.en.OS.wav.link
upsupported file	elitr-testset/documents/iwslt2020-nonnative-slt/testset/sao-consecutive/austrian.en.mkv
upsupported file	elitr-testset/documents/iwslt2020-nonnative-slt/testset/sao-consecutive/austrian.en.mp4
upsupported file	elitr-testset/documents/iwslt2020-nonnative-slt/testset/sao-consecutive/austrian.en.OS.mp3
upsupported file	elitr-testset/documents/iwslt2020-nonnative-slt/testset/sao-consecutive/austrian.en.OS.wav.link
upsupported file	elitr-testset/documents/iwslt2020-nonnative-slt/testset/sao-consecutive/dutch.en.mkv
upsupported file	elitr-testset/documents/iwslt2020-nonnative-slt/testset/sao-consecutive/dutch.en.mp4
upsupported file	elitr-testset/documents/iwslt2020-nonnative-slt/testset/sao-consecutive/dutch.en.OS.mp3
upsupported file	elitr-testset/documents/iwslt2020-nonnative-slt/testset/sao-consecutive/dutch.en.OS.wav.link
