upsupported file	elitr-testset/documents/iwslt2020-nonnative-slt/devset/ami-IS1001a.en.OS.mp3
upsupported file	elitr-testset/documents/iwslt2020-nonnative-slt/devset/ami-IS1001b.en.OS.mp3
upsupported file	elitr-testset/documents/iwslt2020-nonnative-slt/devset/ami-IS1001d.en.OS.mp3
upsupported file	elitr-testset/documents/iwslt2020-nonnative-slt/devset/antrecorp-01_teddy.en.OS.mp3
upsupported file	elitr-testset/documents/iwslt2020-nonnative-slt/devset/antrecorp-02_autocentrum-oa.en.OS.mp3
upsupported file	elitr-testset/documents/iwslt2020-nonnative-slt/devset/auditing-portuguese.en.OS.mp3
upsupported file	elitr-testset/documents/iwslt2020-nonnative-slt/testset/sao-consecutive/austrian.en.OS.mp3
upsupported file	elitr-testset/documents/iwslt2020-nonnative-slt/testset/sao-consecutive/dutch.en.OS.mp3
upsupported file	elitr-testset/documents/iwslt2020-nonnative-slt/testset/antrecorp/03_botel-proti-proudu.en.OS.mp3
upsupported file	elitr-testset/documents/iwslt2020-nonnative-slt/testset/antrecorp/04_g-t.en.OS.mp3
upsupported file	elitr-testset/documents/iwslt2020-nonnative-slt/testset/antrecorp/05_i-dodge.en.OS.mp3
upsupported file	elitr-testset/documents/iwslt2020-nonnative-slt/testset/antrecorp/06_masaze-petr-klic.en.OS.mp3
upsupported file	elitr-testset/documents/iwslt2020-nonnative-slt/testset/antrecorp/07_bucherinsel-west.en.OS.mp3
upsupported file	elitr-testset/documents/iwslt2020-nonnative-slt/testset/antrecorp/08_jizeran.en.OS.mp3
upsupported file	elitr-testset/documents/iwslt2020-nonnative-slt/testset/antrecorp/09_il-gabbiano.en.OS.mp3
upsupported file	elitr-testset/documents/iwslt2020-nonnative-slt/testset/antrecorp/10_magic-travel.en.OS.mp3
upsupported file	elitr-testset/documents/iwslt2020-nonnative-slt/testset/antrecorp/11_trefa.en.OS.mp3
upsupported file	elitr-testset/documents/iwslt2020-nonnative-slt/testset/antrecorp/12_fictionalcine.en.OS.mp3
upsupported file	elitr-testset/documents/iwslt2020-nonnative-slt/testset/antrecorp/13_don-bosco-barcelona.en.OS.mp3
upsupported file	elitr-testset/documents/iwslt2020-nonnative-slt/testset/antrecorp/14_llibres-i-revistes-edb.en.OS.mp3
upsupported file	elitr-testset/documents/iwslt2020-nonnative-slt/testset/antrecorp/15_brnkni.en.OS.mp3
upsupported file	elitr-testset/documents/iwslt2020-nonnative-slt/testset/antrecorp/16_develop-most.en.OS.mp3
upsupported file	elitr-testset/documents/iwslt2020-nonnative-slt/testset/antrecorp/17_tf-smart-team.en.OS.mp3
upsupported file	elitr-testset/documents/iwslt2020-nonnative-slt/testset/antrecorp/18_tf-magic-world.en.OS.mp3
upsupported file	elitr-testset/documents/iwslt2020-nonnative-slt/testset/antrecorp/19_be-beauty.en.OS.mp3
upsupported file	elitr-testset/documents/iwslt2020-nonnative-slt/testset/antrecorp/20_mela-e-piu.en.OS.mp3
upsupported file	elitr-testset/documents/iwslt2020-nonnative-slt/testset/antrecorp/21_hat-cap.en.OS.mp3
upsupported file	elitr-testset/documents/iwslt2020-nonnative-slt/testset/antrecorp/22_new-design-world.en.OS.mp3
upsupported file	elitr-testset/documents/iwslt2020-nonnative-slt/testset/antrecorp/23_pillowdream.en.OS.mp3
upsupported file	elitr-testset/documents/iwslt2020-nonnative-slt/testset/antrecorp/24_mole-g-p-technologies.en.OS.mp3
upsupported file	elitr-testset/documents/iwslt2020-nonnative-slt/testset/antrecorp/25_folkstyle.en.OS.mp3
upsupported file	elitr-testset/documents/iwslt2020-nonnative-slt/testset/antrecorp/26_tabacco-shop.en.OS.mp3
upsupported file	elitr-testset/documents/iwslt2020-nonnative-slt/testset/antrecorp/27_f-e-international-tour.en.OS.mp3
upsupported file	elitr-testset/documents/iwslt2020-nonnative-slt/testset/antrecorp/28_samanka.en.OS.mp3
upsupported file	elitr-testset/documents/iwslt2020-nonnative-slt/testset/antrecorp/29_salon-n-g.en.OS.mp3
upsupported file	elitr-testset/documents/iwslt2020-nonnative-slt/testset/antrecorp/30_appolonas.en.OS.mp3
upsupported file	elitr-testset/documents/iwslt2020-nonnative-slt/testset/antrecorp/31_devil-chocolate.en.OS.mp3
upsupported file	elitr-testset/documents/iwslt2020-nonnative-slt/testset/antrecorp/32_ck-remoa.en.OS.mp3
upsupported file	elitr-testset/documents/iwslt2020-nonnative-slt/testset/antrecorp/33_logistic-servis.en.OS.mp3
upsupported file	elitr-testset/documents/iwslt2020-nonnative-slt/testset/antrecorp/34_kol_action_accessoires.en.OS.mp3
upsupported file	elitr-testset/documents/iwslt2020-nonnative-slt/testset/antrecorp/35_f-e-time-travel-agency.en.OS.mp3
upsupported file	elitr-testset/documents/iwslt2020-nonnative-slt/testset/antrecorp/36_step-house.en.OS.mp3
upsupported file	elitr-testset/documents/iwslt2020-nonnative-slt/testset/antrecorp/37_caspowalk.en.OS.mp3
upsupported file	elitr-testset/documents/iwslt2020-nonnative-slt/testset/antrecorp/38_seta.en.OS.mp3
upsupported file	elitr-testset/documents/iwslt2020-nonnative-slt/testset/antrecorp/39_total-regal.en.OS.mp3
upsupported file	elitr-testset/documents/iwslt2020-nonnative-slt/testset/khan-academy/kaccNlwi6lUCEM.en.mkv
upsupported file	elitr-testset/documents/iwslt2020-nonnative-slt/testset/khan-academy/kach_fBMnB1i-0.en.mkv
upsupported file	elitr-testset/documents/iwslt2020-nonnative-slt/testset/khan-academy/kacjHPr-CuvHhs.en.mkv
upsupported file	elitr-testset/documents/iwslt2020-nonnative-slt/testset/khan-academy/kacMokI3Fi8jpc.en.mkv
upsupported file	elitr-testset/documents/iwslt2020-nonnative-slt/testset/khan-academy/kacwBCowBiXV7A.en.mkv
upsupported file	elitr-testset/documents/iwslt2020-nonnative-slt/testset/sao-wgvat/belgian.en.OS.mp3
upsupported file	elitr-testset/documents/iwslt2020-nonnative-slt/testset/sao-wgvat/polish.en.OS.mp3
upsupported file	elitr-testset/documents/iwslt2020-nonnative-slt/testset/sao-wgvat/romanian.en.OS.mp3
upsupported file	elitr-testset/documents/iwslt2020-nonnative-slt/testset/sao-wgvat/spanish.en.OS.mp3
upsupported file	elitr-testset/documents/iwslt2020-nonnative-slt/testset/sao-wgvat/belgian.en.RS.mp3
upsupported file	elitr-testset/documents/iwslt2020-nonnative-slt/testset/sao-wgvat/polish.en.RS.mp3
upsupported file	elitr-testset/documents/iwslt2020-nonnative-slt/testset/sao-wgvat/romanian.en.RS.mp3
upsupported file	elitr-testset/documents/iwslt2020-nonnative-slt/testset/sao-wgvat/spanish.en.RS.mp3
upsupported file	elitr-testset/documents/langtools-workshop/20200323-second-pre-dry-run/dominik.en.OS.mp3
upsupported file	elitr-testset/documents/langtools-workshop/20200323-second-pre-dry-run/michal.en.OSt.mp3
upsupported file	elitr-testset/documents/langtools-workshop/20200323-second-pre-dry-run/ondrej.en.OS.mp3
upsupported file	elitr-testset/documents/langtools-workshop/20200323-second-pre-dry-run/rudolf.en.OSt.mp3
upsupported file	elitr-testset/documents/langtools-workshop/20200323-second-pre-dry-run/tomas.en.OS.mp3
upsupported file	elitr-testset/documents/linguistic-mondays/20200217-ondrej-bojar-what-can-go-wrong-in-live-SLT.en.mp3.link
upsupported file	elitr-testset/documents/2021-kufr/moses/moses.mp3
upsupported file	elitr-testset/documents/2021-kufr/bat-bed/bat-bed.mp3
upsupported file	elitr-testset/documents/2021-kufr/ck-remoa/ck-remoa.mp3
upsupported file	elitr-testset/documents/2021-kufr/kol-action/kol-action.mp3
upsupported file	elitr-testset/documents/2021-kufr/vase-sportarium/vase-sportarium.mp3
upsupported file	elitr-testset/documents/2021-kufr/cukrovy-svet/cukrovy-svet.mp3
upsupported file	elitr-testset/documents/2021-kufr/ck-elio/ck-elio.mp3
upsupported file	elitr-testset/documents/2021-kufr/cukrarna-na-oblacku/cukrarna-na-oblacku.mp3
upsupported file	elitr-testset/documents/2021-kufr/pen-hands/pen-hands.mp3
upsupported file	elitr-testset/documents/2021-kufr/catering/catering.mp3
upsupported file	elitr-testset/documents/2021-kufr/toy-joy/toy-joy.mp3
