upsupported file	elitr-testset/documents/linguistic-mondays/20191118-jana-strakova-monday-seminar.en.wav.LINK
upsupported file	elitr-testset/documents/linguistic-mondays/20191118-jana-strakova-monday-seminar.en.wav.md5
upsupported file	elitr-testset/documents/linguistic-mondays/20191121-matfyz-open-day-adam-dingle.en.wav.LINK
upsupported file	elitr-testset/documents/linguistic-mondays/20191121-matfyz-open-day-adam-dingle.en.wav.md5
upsupported file	elitr-testset/documents/linguistic-mondays/20200106-ivana-kvaplikova-monday-seminar.en.wav.LINK
upsupported file	elitr-testset/documents/linguistic-mondays/20200106-ivana-kvaplikova-monday-seminar.en.wav.md5
upsupported file	elitr-testset/documents/linguistic-mondays/20200217-ondrej-bojar-what-can-go-wrong-in-live-SLT.en.mp3.LINK
upsupported file	elitr-testset/documents/linguistic-mondays/20200217-ondrej-bojar-what-can-go-wrong-in-live-SLT.en.mp3.md5
upsupported file	elitr-testset/documents/linguistic-mondays/20200302-shadi-saleh-monday-seminar.en.wav.LINK
upsupported file	elitr-testset/documents/linguistic-mondays/20200302-shadi-saleh-monday-seminar.en.wav.md5
upsupported file	elitr-testset/documents/linguistic-mondays/20191118-jana-strakova-monday-seminar.en.wav.LINK
upsupported file	elitr-testset/documents/linguistic-mondays/20191118-jana-strakova-monday-seminar.en.wav.md5
upsupported file	elitr-testset/documents/linguistic-mondays/20191121-matfyz-open-day-adam-dingle.en.wav.LINK
upsupported file	elitr-testset/documents/linguistic-mondays/20191121-matfyz-open-day-adam-dingle.en.wav.md5
upsupported file	elitr-testset/documents/linguistic-mondays/20200106-ivana-kvaplikova-monday-seminar.en.wav.LINK
upsupported file	elitr-testset/documents/linguistic-mondays/20200106-ivana-kvaplikova-monday-seminar.en.wav.md5
upsupported file	elitr-testset/documents/linguistic-mondays/20200217-ondrej-bojar-what-can-go-wrong-in-live-SLT.en.mp3.LINK
upsupported file	elitr-testset/documents/linguistic-mondays/20200217-ondrej-bojar-what-can-go-wrong-in-live-SLT.en.mp3.md5
upsupported file	elitr-testset/documents/linguistic-mondays/20200302-shadi-saleh-monday-seminar.en.wav.LINK
upsupported file	elitr-testset/documents/linguistic-mondays/20200302-shadi-saleh-monday-seminar.en.wav.md5
upsupported file	elitr-testset/documents/linguistic-mondays/20191118-jana-strakova-monday-seminar.en.wav.LINK
upsupported file	elitr-testset/documents/linguistic-mondays/20191118-jana-strakova-monday-seminar.en.wav.md5
upsupported file	elitr-testset/documents/linguistic-mondays/20191121-matfyz-open-day-adam-dingle.en.wav.LINK
upsupported file	elitr-testset/documents/linguistic-mondays/20191121-matfyz-open-day-adam-dingle.en.wav.md5
upsupported file	elitr-testset/documents/linguistic-mondays/20200106-ivana-kvaplikova-monday-seminar.en.wav.LINK
upsupported file	elitr-testset/documents/linguistic-mondays/20200106-ivana-kvaplikova-monday-seminar.en.wav.md5
upsupported file	elitr-testset/documents/linguistic-mondays/20200217-ondrej-bojar-what-can-go-wrong-in-live-SLT.en.mp3.LINK
upsupported file	elitr-testset/documents/linguistic-mondays/20200217-ondrej-bojar-what-can-go-wrong-in-live-SLT.en.mp3.md5
upsupported file	elitr-testset/documents/linguistic-mondays/20200302-shadi-saleh-monday-seminar.en.wav.LINK
upsupported file	elitr-testset/documents/linguistic-mondays/20200302-shadi-saleh-monday-seminar.en.wav.md5
