upsupported file	elitr-testset/documents/iwslt2020-nonnative-slt/testset/antrecorp/03_botel-proti-proudu.en.mkv
upsupported file	elitr-testset/documents/iwslt2020-nonnative-slt/testset/antrecorp/03_botel-proti-proudu.en.OS.mp3
upsupported file	elitr-testset/documents/iwslt2020-nonnative-slt/testset/antrecorp/04_g-t.en.mkv
upsupported file	elitr-testset/documents/iwslt2020-nonnative-slt/testset/antrecorp/04_g-t.en.OS.mp3
upsupported file	elitr-testset/documents/iwslt2020-nonnative-slt/testset/antrecorp/05_i-dodge.en.mkv
upsupported file	elitr-testset/documents/iwslt2020-nonnative-slt/testset/antrecorp/05_i-dodge.en.OS.mp3
upsupported file	elitr-testset/documents/iwslt2020-nonnative-slt/testset/antrecorp/06_masaze-petr-klic.en.mkv
upsupported file	elitr-testset/documents/iwslt2020-nonnative-slt/testset/antrecorp/06_masaze-petr-klic.en.OS.mp3
upsupported file	elitr-testset/documents/iwslt2020-nonnative-slt/testset/antrecorp/07_bucherinsel-west.en.mkv
upsupported file	elitr-testset/documents/iwslt2020-nonnative-slt/testset/antrecorp/07_bucherinsel-west.en.OS.mp3
upsupported file	elitr-testset/documents/iwslt2020-nonnative-slt/testset/antrecorp/08_jizeran.en.mkv
upsupported file	elitr-testset/documents/iwslt2020-nonnative-slt/testset/antrecorp/08_jizeran.en.OS.mp3
upsupported file	elitr-testset/documents/iwslt2020-nonnative-slt/testset/antrecorp/09_il-gabbiano.en.OS.mp3
upsupported file	elitr-testset/documents/iwslt2020-nonnative-slt/testset/antrecorp/10_magic-travel.en.OS.mp3
upsupported file	elitr-testset/documents/iwslt2020-nonnative-slt/testset/antrecorp/11_trefa.en.mkv
upsupported file	elitr-testset/documents/iwslt2020-nonnative-slt/testset/antrecorp/11_trefa.en.OS.mp3
upsupported file	elitr-testset/documents/iwslt2020-nonnative-slt/testset/antrecorp/12_fictionalcine.en.mkv
upsupported file	elitr-testset/documents/iwslt2020-nonnative-slt/testset/antrecorp/12_fictionalcine.en.OS.mp3
upsupported file	elitr-testset/documents/iwslt2020-nonnative-slt/testset/antrecorp/13_don-bosco-barcelona.en.mkv
upsupported file	elitr-testset/documents/iwslt2020-nonnative-slt/testset/antrecorp/13_don-bosco-barcelona.en.OS.mp3
upsupported file	elitr-testset/documents/iwslt2020-nonnative-slt/testset/antrecorp/14_llibres-i-revistes-edb.en.mkv
upsupported file	elitr-testset/documents/iwslt2020-nonnative-slt/testset/antrecorp/14_llibres-i-revistes-edb.en.OS.mp3
upsupported file	elitr-testset/documents/iwslt2020-nonnative-slt/testset/antrecorp/15_brnkni.en.OS.mp3
upsupported file	elitr-testset/documents/iwslt2020-nonnative-slt/testset/antrecorp/16_develop-most.en.mkv
upsupported file	elitr-testset/documents/iwslt2020-nonnative-slt/testset/antrecorp/16_develop-most.en.OS.mp3
upsupported file	elitr-testset/documents/iwslt2020-nonnative-slt/testset/antrecorp/17_tf-smart-team.en.mkv
upsupported file	elitr-testset/documents/iwslt2020-nonnative-slt/testset/antrecorp/17_tf-smart-team.en.OS.mp3
upsupported file	elitr-testset/documents/iwslt2020-nonnative-slt/testset/antrecorp/18_tf-magic-world.en.mkv
upsupported file	elitr-testset/documents/iwslt2020-nonnative-slt/testset/antrecorp/18_tf-magic-world.en.OS.mp3
upsupported file	elitr-testset/documents/iwslt2020-nonnative-slt/testset/antrecorp/19_be-beauty.en.OS.mp3
upsupported file	elitr-testset/documents/iwslt2020-nonnative-slt/testset/antrecorp/20_mela-e-piu.en.OS.mp3
upsupported file	elitr-testset/documents/iwslt2020-nonnative-slt/testset/antrecorp/21_hat-cap.en.mkv
upsupported file	elitr-testset/documents/iwslt2020-nonnative-slt/testset/antrecorp/21_hat-cap.en.OS.mp3
upsupported file	elitr-testset/documents/iwslt2020-nonnative-slt/testset/antrecorp/22_new-design-world.en.OS.mp3
upsupported file	elitr-testset/documents/iwslt2020-nonnative-slt/testset/antrecorp/23_pillowdream.en.mkv
upsupported file	elitr-testset/documents/iwslt2020-nonnative-slt/testset/antrecorp/23_pillowdream.en.OS.mp3
upsupported file	elitr-testset/documents/iwslt2020-nonnative-slt/testset/antrecorp/24_mole-g-p-technologies.en.OS.mp3
upsupported file	elitr-testset/documents/iwslt2020-nonnative-slt/testset/antrecorp/25_folkstyle.en.mkv
upsupported file	elitr-testset/documents/iwslt2020-nonnative-slt/testset/antrecorp/25_folkstyle.en.OS.mp3
upsupported file	elitr-testset/documents/iwslt2020-nonnative-slt/testset/antrecorp/26_tabacco-shop.en.mkv
upsupported file	elitr-testset/documents/iwslt2020-nonnative-slt/testset/antrecorp/26_tabacco-shop.en.OS.mp3
upsupported file	elitr-testset/documents/iwslt2020-nonnative-slt/testset/antrecorp/27_f-e-international-tour.en.mkv
upsupported file	elitr-testset/documents/iwslt2020-nonnative-slt/testset/antrecorp/27_f-e-international-tour.en.OS.mp3
upsupported file	elitr-testset/documents/iwslt2020-nonnative-slt/testset/antrecorp/28_samanka.en.mkv
upsupported file	elitr-testset/documents/iwslt2020-nonnative-slt/testset/antrecorp/28_samanka.en.OS.mp3
upsupported file	elitr-testset/documents/iwslt2020-nonnative-slt/testset/antrecorp/29_salon-n-g.en.OS.mp3
upsupported file	elitr-testset/documents/iwslt2020-nonnative-slt/testset/antrecorp/30_appolonas.en.mkv
upsupported file	elitr-testset/documents/iwslt2020-nonnative-slt/testset/antrecorp/30_appolonas.en.OS.mp3
upsupported file	elitr-testset/documents/iwslt2020-nonnative-slt/testset/antrecorp/31_devil-chocolate.en.mkv
upsupported file	elitr-testset/documents/iwslt2020-nonnative-slt/testset/antrecorp/31_devil-chocolate.en.OS.mp3
upsupported file	elitr-testset/documents/iwslt2020-nonnative-slt/testset/antrecorp/32_ck-remoa.en.mkv
upsupported file	elitr-testset/documents/iwslt2020-nonnative-slt/testset/antrecorp/32_ck-remoa.en.OS.mp3
upsupported file	elitr-testset/documents/iwslt2020-nonnative-slt/testset/antrecorp/33_logistic-servis.en.mkv
upsupported file	elitr-testset/documents/iwslt2020-nonnative-slt/testset/antrecorp/33_logistic-servis.en.OS.mp3
upsupported file	elitr-testset/documents/iwslt2020-nonnative-slt/testset/antrecorp/34_kol_action_accessoires.en.mkv
upsupported file	elitr-testset/documents/iwslt2020-nonnative-slt/testset/antrecorp/34_kol_action_accessoires.en.OS.mp3
upsupported file	elitr-testset/documents/iwslt2020-nonnative-slt/testset/antrecorp/35_f-e-time-travel-agency.en.mkv
upsupported file	elitr-testset/documents/iwslt2020-nonnative-slt/testset/antrecorp/35_f-e-time-travel-agency.en.OS.mp3
upsupported file	elitr-testset/documents/iwslt2020-nonnative-slt/testset/antrecorp/36_step-house.en.mkv
upsupported file	elitr-testset/documents/iwslt2020-nonnative-slt/testset/antrecorp/36_step-house.en.OS.mp3
upsupported file	elitr-testset/documents/iwslt2020-nonnative-slt/testset/antrecorp/37_caspowalk.en.mkv
upsupported file	elitr-testset/documents/iwslt2020-nonnative-slt/testset/antrecorp/37_caspowalk.en.OS.mp3
upsupported file	elitr-testset/documents/iwslt2020-nonnative-slt/testset/antrecorp/38_seta.en.OS.mp3
upsupported file	elitr-testset/documents/iwslt2020-nonnative-slt/testset/antrecorp/39_total-regal.en.mkv
upsupported file	elitr-testset/documents/iwslt2020-nonnative-slt/testset/antrecorp/39_total-regal.en.OS.mp3
upsupported file	elitr-testset/documents/iwslt2020-nonnative-slt/testset/antrecorp/03_botel-proti-proudu.en.mkv
upsupported file	elitr-testset/documents/iwslt2020-nonnative-slt/testset/antrecorp/03_botel-proti-proudu.en.OS.mp3
upsupported file	elitr-testset/documents/iwslt2020-nonnative-slt/testset/antrecorp/04_g-t.en.mkv
upsupported file	elitr-testset/documents/iwslt2020-nonnative-slt/testset/antrecorp/04_g-t.en.OS.mp3
upsupported file	elitr-testset/documents/iwslt2020-nonnative-slt/testset/antrecorp/05_i-dodge.en.mkv
upsupported file	elitr-testset/documents/iwslt2020-nonnative-slt/testset/antrecorp/05_i-dodge.en.OS.mp3
upsupported file	elitr-testset/documents/iwslt2020-nonnative-slt/testset/antrecorp/06_masaze-petr-klic.en.mkv
upsupported file	elitr-testset/documents/iwslt2020-nonnative-slt/testset/antrecorp/06_masaze-petr-klic.en.OS.mp3
upsupported file	elitr-testset/documents/iwslt2020-nonnative-slt/testset/antrecorp/07_bucherinsel-west.en.mkv
upsupported file	elitr-testset/documents/iwslt2020-nonnative-slt/testset/antrecorp/07_bucherinsel-west.en.OS.mp3
upsupported file	elitr-testset/documents/iwslt2020-nonnative-slt/testset/antrecorp/08_jizeran.en.mkv
upsupported file	elitr-testset/documents/iwslt2020-nonnative-slt/testset/antrecorp/08_jizeran.en.OS.mp3
upsupported file	elitr-testset/documents/iwslt2020-nonnative-slt/testset/antrecorp/09_il-gabbiano.en.OS.mp3
upsupported file	elitr-testset/documents/iwslt2020-nonnative-slt/testset/antrecorp/10_magic-travel.en.OS.mp3
upsupported file	elitr-testset/documents/iwslt2020-nonnative-slt/testset/antrecorp/11_trefa.en.mkv
upsupported file	elitr-testset/documents/iwslt2020-nonnative-slt/testset/antrecorp/11_trefa.en.OS.mp3
upsupported file	elitr-testset/documents/iwslt2020-nonnative-slt/testset/antrecorp/12_fictionalcine.en.mkv
upsupported file	elitr-testset/documents/iwslt2020-nonnative-slt/testset/antrecorp/12_fictionalcine.en.OS.mp3
upsupported file	elitr-testset/documents/iwslt2020-nonnative-slt/testset/antrecorp/13_don-bosco-barcelona.en.mkv
upsupported file	elitr-testset/documents/iwslt2020-nonnative-slt/testset/antrecorp/13_don-bosco-barcelona.en.OS.mp3
upsupported file	elitr-testset/documents/iwslt2020-nonnative-slt/testset/antrecorp/14_llibres-i-revistes-edb.en.mkv
upsupported file	elitr-testset/documents/iwslt2020-nonnative-slt/testset/antrecorp/14_llibres-i-revistes-edb.en.OS.mp3
upsupported file	elitr-testset/documents/iwslt2020-nonnative-slt/testset/antrecorp/15_brnkni.en.OS.mp3
upsupported file	elitr-testset/documents/iwslt2020-nonnative-slt/testset/antrecorp/16_develop-most.en.mkv
upsupported file	elitr-testset/documents/iwslt2020-nonnative-slt/testset/antrecorp/16_develop-most.en.OS.mp3
upsupported file	elitr-testset/documents/iwslt2020-nonnative-slt/testset/antrecorp/17_tf-smart-team.en.mkv
upsupported file	elitr-testset/documents/iwslt2020-nonnative-slt/testset/antrecorp/17_tf-smart-team.en.OS.mp3
upsupported file	elitr-testset/documents/iwslt2020-nonnative-slt/testset/antrecorp/18_tf-magic-world.en.mkv
upsupported file	elitr-testset/documents/iwslt2020-nonnative-slt/testset/antrecorp/18_tf-magic-world.en.OS.mp3
upsupported file	elitr-testset/documents/iwslt2020-nonnative-slt/testset/antrecorp/19_be-beauty.en.OS.mp3
upsupported file	elitr-testset/documents/iwslt2020-nonnative-slt/testset/antrecorp/20_mela-e-piu.en.OS.mp3
upsupported file	elitr-testset/documents/iwslt2020-nonnative-slt/testset/antrecorp/21_hat-cap.en.mkv
upsupported file	elitr-testset/documents/iwslt2020-nonnative-slt/testset/antrecorp/21_hat-cap.en.OS.mp3
upsupported file	elitr-testset/documents/iwslt2020-nonnative-slt/testset/antrecorp/22_new-design-world.en.OS.mp3
upsupported file	elitr-testset/documents/iwslt2020-nonnative-slt/testset/antrecorp/23_pillowdream.en.mkv
upsupported file	elitr-testset/documents/iwslt2020-nonnative-slt/testset/antrecorp/23_pillowdream.en.OS.mp3
upsupported file	elitr-testset/documents/iwslt2020-nonnative-slt/testset/antrecorp/24_mole-g-p-technologies.en.OS.mp3
upsupported file	elitr-testset/documents/iwslt2020-nonnative-slt/testset/antrecorp/25_folkstyle.en.mkv
upsupported file	elitr-testset/documents/iwslt2020-nonnative-slt/testset/antrecorp/25_folkstyle.en.OS.mp3
upsupported file	elitr-testset/documents/iwslt2020-nonnative-slt/testset/antrecorp/26_tabacco-shop.en.mkv
upsupported file	elitr-testset/documents/iwslt2020-nonnative-slt/testset/antrecorp/26_tabacco-shop.en.OS.mp3
upsupported file	elitr-testset/documents/iwslt2020-nonnative-slt/testset/antrecorp/27_f-e-international-tour.en.mkv
upsupported file	elitr-testset/documents/iwslt2020-nonnative-slt/testset/antrecorp/27_f-e-international-tour.en.OS.mp3
upsupported file	elitr-testset/documents/iwslt2020-nonnative-slt/testset/antrecorp/28_samanka.en.mkv
upsupported file	elitr-testset/documents/iwslt2020-nonnative-slt/testset/antrecorp/28_samanka.en.OS.mp3
upsupported file	elitr-testset/documents/iwslt2020-nonnative-slt/testset/antrecorp/29_salon-n-g.en.OS.mp3
upsupported file	elitr-testset/documents/iwslt2020-nonnative-slt/testset/antrecorp/30_appolonas.en.mkv
upsupported file	elitr-testset/documents/iwslt2020-nonnative-slt/testset/antrecorp/30_appolonas.en.OS.mp3
upsupported file	elitr-testset/documents/iwslt2020-nonnative-slt/testset/antrecorp/31_devil-chocolate.en.mkv
upsupported file	elitr-testset/documents/iwslt2020-nonnative-slt/testset/antrecorp/31_devil-chocolate.en.OS.mp3
upsupported file	elitr-testset/documents/iwslt2020-nonnative-slt/testset/antrecorp/32_ck-remoa.en.mkv
upsupported file	elitr-testset/documents/iwslt2020-nonnative-slt/testset/antrecorp/32_ck-remoa.en.OS.mp3
upsupported file	elitr-testset/documents/iwslt2020-nonnative-slt/testset/antrecorp/33_logistic-servis.en.mkv
upsupported file	elitr-testset/documents/iwslt2020-nonnative-slt/testset/antrecorp/33_logistic-servis.en.OS.mp3
upsupported file	elitr-testset/documents/iwslt2020-nonnative-slt/testset/antrecorp/34_kol_action_accessoires.en.mkv
upsupported file	elitr-testset/documents/iwslt2020-nonnative-slt/testset/antrecorp/34_kol_action_accessoires.en.OS.mp3
upsupported file	elitr-testset/documents/iwslt2020-nonnative-slt/testset/antrecorp/35_f-e-time-travel-agency.en.mkv
upsupported file	elitr-testset/documents/iwslt2020-nonnative-slt/testset/antrecorp/35_f-e-time-travel-agency.en.OS.mp3
upsupported file	elitr-testset/documents/iwslt2020-nonnative-slt/testset/antrecorp/36_step-house.en.mkv
upsupported file	elitr-testset/documents/iwslt2020-nonnative-slt/testset/antrecorp/36_step-house.en.OS.mp3
upsupported file	elitr-testset/documents/iwslt2020-nonnative-slt/testset/antrecorp/37_caspowalk.en.mkv
upsupported file	elitr-testset/documents/iwslt2020-nonnative-slt/testset/antrecorp/37_caspowalk.en.OS.mp3
upsupported file	elitr-testset/documents/iwslt2020-nonnative-slt/testset/antrecorp/38_seta.en.OS.mp3
upsupported file	elitr-testset/documents/iwslt2020-nonnative-slt/testset/antrecorp/39_total-regal.en.mkv
upsupported file	elitr-testset/documents/iwslt2020-nonnative-slt/testset/antrecorp/39_total-regal.en.OS.mp3
upsupported file	elitr-testset/documents/iwslt2020-nonnative-slt/testset/antrecorp/03_botel-proti-proudu.en.mkv
upsupported file	elitr-testset/documents/iwslt2020-nonnative-slt/testset/antrecorp/03_botel-proti-proudu.en.OS.mp3
upsupported file	elitr-testset/documents/iwslt2020-nonnative-slt/testset/antrecorp/04_g-t.en.mkv
upsupported file	elitr-testset/documents/iwslt2020-nonnative-slt/testset/antrecorp/04_g-t.en.OS.mp3
upsupported file	elitr-testset/documents/iwslt2020-nonnative-slt/testset/antrecorp/05_i-dodge.en.mkv
upsupported file	elitr-testset/documents/iwslt2020-nonnative-slt/testset/antrecorp/05_i-dodge.en.OS.mp3
upsupported file	elitr-testset/documents/iwslt2020-nonnative-slt/testset/antrecorp/06_masaze-petr-klic.en.mkv
upsupported file	elitr-testset/documents/iwslt2020-nonnative-slt/testset/antrecorp/06_masaze-petr-klic.en.OS.mp3
upsupported file	elitr-testset/documents/iwslt2020-nonnative-slt/testset/antrecorp/07_bucherinsel-west.en.mkv
upsupported file	elitr-testset/documents/iwslt2020-nonnative-slt/testset/antrecorp/07_bucherinsel-west.en.OS.mp3
upsupported file	elitr-testset/documents/iwslt2020-nonnative-slt/testset/antrecorp/08_jizeran.en.mkv
upsupported file	elitr-testset/documents/iwslt2020-nonnative-slt/testset/antrecorp/08_jizeran.en.OS.mp3
upsupported file	elitr-testset/documents/iwslt2020-nonnative-slt/testset/antrecorp/09_il-gabbiano.en.OS.mp3
upsupported file	elitr-testset/documents/iwslt2020-nonnative-slt/testset/antrecorp/10_magic-travel.en.OS.mp3
upsupported file	elitr-testset/documents/iwslt2020-nonnative-slt/testset/antrecorp/11_trefa.en.mkv
upsupported file	elitr-testset/documents/iwslt2020-nonnative-slt/testset/antrecorp/11_trefa.en.OS.mp3
upsupported file	elitr-testset/documents/iwslt2020-nonnative-slt/testset/antrecorp/12_fictionalcine.en.mkv
upsupported file	elitr-testset/documents/iwslt2020-nonnative-slt/testset/antrecorp/12_fictionalcine.en.OS.mp3
upsupported file	elitr-testset/documents/iwslt2020-nonnative-slt/testset/antrecorp/13_don-bosco-barcelona.en.mkv
upsupported file	elitr-testset/documents/iwslt2020-nonnative-slt/testset/antrecorp/13_don-bosco-barcelona.en.OS.mp3
upsupported file	elitr-testset/documents/iwslt2020-nonnative-slt/testset/antrecorp/14_llibres-i-revistes-edb.en.mkv
upsupported file	elitr-testset/documents/iwslt2020-nonnative-slt/testset/antrecorp/14_llibres-i-revistes-edb.en.OS.mp3
upsupported file	elitr-testset/documents/iwslt2020-nonnative-slt/testset/antrecorp/15_brnkni.en.OS.mp3
upsupported file	elitr-testset/documents/iwslt2020-nonnative-slt/testset/antrecorp/16_develop-most.en.mkv
upsupported file	elitr-testset/documents/iwslt2020-nonnative-slt/testset/antrecorp/16_develop-most.en.OS.mp3
upsupported file	elitr-testset/documents/iwslt2020-nonnative-slt/testset/antrecorp/17_tf-smart-team.en.mkv
upsupported file	elitr-testset/documents/iwslt2020-nonnative-slt/testset/antrecorp/17_tf-smart-team.en.OS.mp3
upsupported file	elitr-testset/documents/iwslt2020-nonnative-slt/testset/antrecorp/18_tf-magic-world.en.mkv
upsupported file	elitr-testset/documents/iwslt2020-nonnative-slt/testset/antrecorp/18_tf-magic-world.en.OS.mp3
upsupported file	elitr-testset/documents/iwslt2020-nonnative-slt/testset/antrecorp/19_be-beauty.en.OS.mp3
upsupported file	elitr-testset/documents/iwslt2020-nonnative-slt/testset/antrecorp/20_mela-e-piu.en.OS.mp3
upsupported file	elitr-testset/documents/iwslt2020-nonnative-slt/testset/antrecorp/21_hat-cap.en.mkv
upsupported file	elitr-testset/documents/iwslt2020-nonnative-slt/testset/antrecorp/21_hat-cap.en.OS.mp3
upsupported file	elitr-testset/documents/iwslt2020-nonnative-slt/testset/antrecorp/22_new-design-world.en.OS.mp3
upsupported file	elitr-testset/documents/iwslt2020-nonnative-slt/testset/antrecorp/23_pillowdream.en.mkv
upsupported file	elitr-testset/documents/iwslt2020-nonnative-slt/testset/antrecorp/23_pillowdream.en.OS.mp3
upsupported file	elitr-testset/documents/iwslt2020-nonnative-slt/testset/antrecorp/24_mole-g-p-technologies.en.OS.mp3
upsupported file	elitr-testset/documents/iwslt2020-nonnative-slt/testset/antrecorp/25_folkstyle.en.mkv
upsupported file	elitr-testset/documents/iwslt2020-nonnative-slt/testset/antrecorp/25_folkstyle.en.OS.mp3
upsupported file	elitr-testset/documents/iwslt2020-nonnative-slt/testset/antrecorp/26_tabacco-shop.en.mkv
upsupported file	elitr-testset/documents/iwslt2020-nonnative-slt/testset/antrecorp/26_tabacco-shop.en.OS.mp3
upsupported file	elitr-testset/documents/iwslt2020-nonnative-slt/testset/antrecorp/27_f-e-international-tour.en.mkv
upsupported file	elitr-testset/documents/iwslt2020-nonnative-slt/testset/antrecorp/27_f-e-international-tour.en.OS.mp3
upsupported file	elitr-testset/documents/iwslt2020-nonnative-slt/testset/antrecorp/28_samanka.en.mkv
upsupported file	elitr-testset/documents/iwslt2020-nonnative-slt/testset/antrecorp/28_samanka.en.OS.mp3
upsupported file	elitr-testset/documents/iwslt2020-nonnative-slt/testset/antrecorp/29_salon-n-g.en.OS.mp3
upsupported file	elitr-testset/documents/iwslt2020-nonnative-slt/testset/antrecorp/30_appolonas.en.mkv
upsupported file	elitr-testset/documents/iwslt2020-nonnative-slt/testset/antrecorp/30_appolonas.en.OS.mp3
upsupported file	elitr-testset/documents/iwslt2020-nonnative-slt/testset/antrecorp/31_devil-chocolate.en.mkv
upsupported file	elitr-testset/documents/iwslt2020-nonnative-slt/testset/antrecorp/31_devil-chocolate.en.OS.mp3
upsupported file	elitr-testset/documents/iwslt2020-nonnative-slt/testset/antrecorp/32_ck-remoa.en.mkv
upsupported file	elitr-testset/documents/iwslt2020-nonnative-slt/testset/antrecorp/32_ck-remoa.en.OS.mp3
upsupported file	elitr-testset/documents/iwslt2020-nonnative-slt/testset/antrecorp/33_logistic-servis.en.mkv
upsupported file	elitr-testset/documents/iwslt2020-nonnative-slt/testset/antrecorp/33_logistic-servis.en.OS.mp3
upsupported file	elitr-testset/documents/iwslt2020-nonnative-slt/testset/antrecorp/34_kol_action_accessoires.en.mkv
upsupported file	elitr-testset/documents/iwslt2020-nonnative-slt/testset/antrecorp/34_kol_action_accessoires.en.OS.mp3
upsupported file	elitr-testset/documents/iwslt2020-nonnative-slt/testset/antrecorp/35_f-e-time-travel-agency.en.mkv
upsupported file	elitr-testset/documents/iwslt2020-nonnative-slt/testset/antrecorp/35_f-e-time-travel-agency.en.OS.mp3
upsupported file	elitr-testset/documents/iwslt2020-nonnative-slt/testset/antrecorp/36_step-house.en.mkv
upsupported file	elitr-testset/documents/iwslt2020-nonnative-slt/testset/antrecorp/36_step-house.en.OS.mp3
upsupported file	elitr-testset/documents/iwslt2020-nonnative-slt/testset/antrecorp/37_caspowalk.en.mkv
upsupported file	elitr-testset/documents/iwslt2020-nonnative-slt/testset/antrecorp/37_caspowalk.en.OS.mp3
upsupported file	elitr-testset/documents/iwslt2020-nonnative-slt/testset/antrecorp/38_seta.en.OS.mp3
upsupported file	elitr-testset/documents/iwslt2020-nonnative-slt/testset/antrecorp/39_total-regal.en.mkv
upsupported file	elitr-testset/documents/iwslt2020-nonnative-slt/testset/antrecorp/39_total-regal.en.OS.mp3
