upsupported file	elitr-testset/documents/2021-kufr/moses/moses.mp3
upsupported file	elitr-testset/documents/2021-kufr/bat-bed/bat-bed.mp3
upsupported file	elitr-testset/documents/2021-kufr/ck-remoa/ck-remoa.mp3
upsupported file	elitr-testset/documents/2021-kufr/kol-action/kol-action.mp3
upsupported file	elitr-testset/documents/2021-kufr/vase-sportarium/vase-sportarium.mp3
upsupported file	elitr-testset/documents/2021-kufr/cukrovy-svet/cukrovy-svet.mp3
upsupported file	elitr-testset/documents/2021-kufr/ck-elio/ck-elio.mp3
upsupported file	elitr-testset/documents/2021-kufr/cukrarna-na-oblacku/cukrarna-na-oblacku.mp3
upsupported file	elitr-testset/documents/2021-kufr/pen-hands/pen-hands.mp3
upsupported file	elitr-testset/documents/2021-kufr/catering/catering.mp3
upsupported file	elitr-testset/documents/2021-kufr/toy-joy/toy-joy.mp3
upsupported file	elitr-testset/documents/2021-kufr/moses/moses.mp3
upsupported file	elitr-testset/documents/2021-kufr/bat-bed/bat-bed.mp3
upsupported file	elitr-testset/documents/2021-kufr/ck-remoa/ck-remoa.mp3
upsupported file	elitr-testset/documents/2021-kufr/kol-action/kol-action.mp3
upsupported file	elitr-testset/documents/2021-kufr/vase-sportarium/vase-sportarium.mp3
upsupported file	elitr-testset/documents/2021-kufr/cukrovy-svet/cukrovy-svet.mp3
upsupported file	elitr-testset/documents/2021-kufr/ck-elio/ck-elio.mp3
upsupported file	elitr-testset/documents/2021-kufr/cukrarna-na-oblacku/cukrarna-na-oblacku.mp3
upsupported file	elitr-testset/documents/2021-kufr/pen-hands/pen-hands.mp3
upsupported file	elitr-testset/documents/2021-kufr/catering/catering.mp3
upsupported file	elitr-testset/documents/2021-kufr/toy-joy/toy-joy.mp3
