upsupported file	elitr-testset/documents/iwslt2020-nonnative-slt/testset/sao-consecutive/austrian.en.OS.mp3
upsupported file	elitr-testset/documents/iwslt2020-nonnative-slt/testset/sao-consecutive/dutch.en.OS.mp3
upsupported file	elitr-testset/documents/iwslt2020-nonnative-slt/testset/sao-wgvat/belgian.en.OS.mp3
upsupported file	elitr-testset/documents/iwslt2020-nonnative-slt/testset/sao-wgvat/polish.en.OS.mp3
upsupported file	elitr-testset/documents/iwslt2020-nonnative-slt/testset/sao-wgvat/romanian.en.OS.mp3
upsupported file	elitr-testset/documents/iwslt2020-nonnative-slt/testset/sao-wgvat/spanish.en.OS.mp3
upsupported file	elitr-testset/documents/iwslt2020-nonnative-slt/testset/sao-wgvat/belgian.en.RS.mp3
upsupported file	elitr-testset/documents/iwslt2020-nonnative-slt/testset/sao-wgvat/polish.en.RS.mp3
upsupported file	elitr-testset/documents/iwslt2020-nonnative-slt/testset/sao-wgvat/romanian.en.RS.mp3
upsupported file	elitr-testset/documents/iwslt2020-nonnative-slt/testset/sao-wgvat/spanish.en.RS.mp3
upsupported file	elitr-testset/documents/iwslt2020-nonnative-slt/devset/auditing-portuguese.en.IScs.mp3
upsupported file	elitr-testset/documents/iwslt2020-nonnative-slt/devset/auditing-portuguese.en.OS.mp3
upsupported file	elitr-testset/documents/iwslt2020-nonnative-slt/testset/sao-consecutive/austrian.en.OS.mp3
upsupported file	elitr-testset/documents/iwslt2020-nonnative-slt/testset/sao-consecutive/dutch.en.OS.mp3
upsupported file	elitr-testset/documents/iwslt2020-nonnative-slt/testset/sao-wgvat/belgian.en.OS.mp3
upsupported file	elitr-testset/documents/iwslt2020-nonnative-slt/testset/sao-wgvat/polish.en.OS.mp3
upsupported file	elitr-testset/documents/iwslt2020-nonnative-slt/testset/sao-wgvat/romanian.en.OS.mp3
upsupported file	elitr-testset/documents/iwslt2020-nonnative-slt/testset/sao-wgvat/spanish.en.OS.mp3
upsupported file	elitr-testset/documents/iwslt2020-nonnative-slt/testset/sao-wgvat/belgian.en.RS.mp3
upsupported file	elitr-testset/documents/iwslt2020-nonnative-slt/testset/sao-wgvat/polish.en.RS.mp3
upsupported file	elitr-testset/documents/iwslt2020-nonnative-slt/testset/sao-wgvat/romanian.en.RS.mp3
upsupported file	elitr-testset/documents/iwslt2020-nonnative-slt/testset/sao-wgvat/spanish.en.RS.mp3
upsupported file	elitr-testset/documents/iwslt2020-nonnative-slt/devset/auditing-portuguese.en.IScs.mp3
upsupported file	elitr-testset/documents/iwslt2020-nonnative-slt/devset/auditing-portuguese.en.OS.mp3
upsupported file	elitr-testset/documents/iwslt2020-nonnative-slt/testset/sao-consecutive/austrian.en.OS.mp3
upsupported file	elitr-testset/documents/iwslt2020-nonnative-slt/testset/sao-consecutive/dutch.en.OS.mp3
upsupported file	elitr-testset/documents/iwslt2020-nonnative-slt/testset/sao-wgvat/belgian.en.OS.mp3
upsupported file	elitr-testset/documents/iwslt2020-nonnative-slt/testset/sao-wgvat/polish.en.OS.mp3
upsupported file	elitr-testset/documents/iwslt2020-nonnative-slt/testset/sao-wgvat/romanian.en.OS.mp3
upsupported file	elitr-testset/documents/iwslt2020-nonnative-slt/testset/sao-wgvat/spanish.en.OS.mp3
upsupported file	elitr-testset/documents/iwslt2020-nonnative-slt/testset/sao-wgvat/belgian.en.RS.mp3
upsupported file	elitr-testset/documents/iwslt2020-nonnative-slt/testset/sao-wgvat/polish.en.RS.mp3
upsupported file	elitr-testset/documents/iwslt2020-nonnative-slt/testset/sao-wgvat/romanian.en.RS.mp3
upsupported file	elitr-testset/documents/iwslt2020-nonnative-slt/testset/sao-wgvat/spanish.en.RS.mp3
upsupported file	elitr-testset/documents/iwslt2020-nonnative-slt/devset/auditing-portuguese.en.IScs.mp3
upsupported file	elitr-testset/documents/iwslt2020-nonnative-slt/devset/auditing-portuguese.en.OS.mp3
