upsupported file	elitr-testset/documents/iwslt2020-nonnative-slt/testset/khan-academy/kaccNlwi6lUCEM.en.aac
upsupported file	elitr-testset/documents/iwslt2020-nonnative-slt/testset/khan-academy/kaccNlwi6lUCEM.en.mkv
upsupported file	elitr-testset/documents/iwslt2020-nonnative-slt/testset/khan-academy/kach_fBMnB1i-0.en.aac
upsupported file	elitr-testset/documents/iwslt2020-nonnative-slt/testset/khan-academy/kach_fBMnB1i-0.en.mkv
upsupported file	elitr-testset/documents/iwslt2020-nonnative-slt/testset/khan-academy/kacjHPr-CuvHhs.en.aac
upsupported file	elitr-testset/documents/iwslt2020-nonnative-slt/testset/khan-academy/kacjHPr-CuvHhs.en.mkv
upsupported file	elitr-testset/documents/iwslt2020-nonnative-slt/testset/khan-academy/kacMokI3Fi8jpc.en.aac
upsupported file	elitr-testset/documents/iwslt2020-nonnative-slt/testset/khan-academy/kacMokI3Fi8jpc.en.mkv
upsupported file	elitr-testset/documents/iwslt2020-nonnative-slt/testset/khan-academy/kac_SpE4hQ8D_o.en.aac
upsupported file	elitr-testset/documents/iwslt2020-nonnative-slt/testset/khan-academy/kacwBCowBiXV7A.en.aac
upsupported file	elitr-testset/documents/iwslt2020-nonnative-slt/testset/khan-academy/kacwBCowBiXV7A.en.mkv
upsupported file	elitr-testset/documents/iwslt2020-nonnative-slt/testset/khan-academy/kaccNlwi6lUCEM.en.aac
upsupported file	elitr-testset/documents/iwslt2020-nonnative-slt/testset/khan-academy/kaccNlwi6lUCEM.en.mkv
upsupported file	elitr-testset/documents/iwslt2020-nonnative-slt/testset/khan-academy/kach_fBMnB1i-0.en.aac
upsupported file	elitr-testset/documents/iwslt2020-nonnative-slt/testset/khan-academy/kach_fBMnB1i-0.en.mkv
upsupported file	elitr-testset/documents/iwslt2020-nonnative-slt/testset/khan-academy/kacjHPr-CuvHhs.en.aac
upsupported file	elitr-testset/documents/iwslt2020-nonnative-slt/testset/khan-academy/kacjHPr-CuvHhs.en.mkv
upsupported file	elitr-testset/documents/iwslt2020-nonnative-slt/testset/khan-academy/kacMokI3Fi8jpc.en.aac
upsupported file	elitr-testset/documents/iwslt2020-nonnative-slt/testset/khan-academy/kacMokI3Fi8jpc.en.mkv
upsupported file	elitr-testset/documents/iwslt2020-nonnative-slt/testset/khan-academy/kac_SpE4hQ8D_o.en.aac
upsupported file	elitr-testset/documents/iwslt2020-nonnative-slt/testset/khan-academy/kacwBCowBiXV7A.en.aac
upsupported file	elitr-testset/documents/iwslt2020-nonnative-slt/testset/khan-academy/kacwBCowBiXV7A.en.mkv
upsupported file	elitr-testset/documents/iwslt2020-nonnative-slt/testset/khan-academy/kaccNlwi6lUCEM.en.aac
upsupported file	elitr-testset/documents/iwslt2020-nonnative-slt/testset/khan-academy/kaccNlwi6lUCEM.en.mkv
upsupported file	elitr-testset/documents/iwslt2020-nonnative-slt/testset/khan-academy/kach_fBMnB1i-0.en.aac
upsupported file	elitr-testset/documents/iwslt2020-nonnative-slt/testset/khan-academy/kach_fBMnB1i-0.en.mkv
upsupported file	elitr-testset/documents/iwslt2020-nonnative-slt/testset/khan-academy/kacjHPr-CuvHhs.en.aac
upsupported file	elitr-testset/documents/iwslt2020-nonnative-slt/testset/khan-academy/kacjHPr-CuvHhs.en.mkv
upsupported file	elitr-testset/documents/iwslt2020-nonnative-slt/testset/khan-academy/kacMokI3Fi8jpc.en.aac
upsupported file	elitr-testset/documents/iwslt2020-nonnative-slt/testset/khan-academy/kacMokI3Fi8jpc.en.mkv
upsupported file	elitr-testset/documents/iwslt2020-nonnative-slt/testset/khan-academy/kac_SpE4hQ8D_o.en.aac
upsupported file	elitr-testset/documents/iwslt2020-nonnative-slt/testset/khan-academy/kacwBCowBiXV7A.en.aac
upsupported file	elitr-testset/documents/iwslt2020-nonnative-slt/testset/khan-academy/kacwBCowBiXV7A.en.mkv
upsupported file	elitr-testset/documents/iwslt2020-nonnative-slt/testset/khan-academy/kaccNlwi6lUCEM.en.aac
upsupported file	elitr-testset/documents/iwslt2020-nonnative-slt/testset/khan-academy/kaccNlwi6lUCEM.en.mkv
upsupported file	elitr-testset/documents/iwslt2020-nonnative-slt/testset/khan-academy/kach_fBMnB1i-0.en.aac
upsupported file	elitr-testset/documents/iwslt2020-nonnative-slt/testset/khan-academy/kach_fBMnB1i-0.en.mkv
upsupported file	elitr-testset/documents/iwslt2020-nonnative-slt/testset/khan-academy/kacjHPr-CuvHhs.en.aac
upsupported file	elitr-testset/documents/iwslt2020-nonnative-slt/testset/khan-academy/kacjHPr-CuvHhs.en.mkv
upsupported file	elitr-testset/documents/iwslt2020-nonnative-slt/testset/khan-academy/kacMokI3Fi8jpc.en.aac
upsupported file	elitr-testset/documents/iwslt2020-nonnative-slt/testset/khan-academy/kacMokI3Fi8jpc.en.mkv
upsupported file	elitr-testset/documents/iwslt2020-nonnative-slt/testset/khan-academy/kac_SpE4hQ8D_o.en.aac
upsupported file	elitr-testset/documents/iwslt2020-nonnative-slt/testset/khan-academy/kacwBCowBiXV7A.en.aac
upsupported file	elitr-testset/documents/iwslt2020-nonnative-slt/testset/khan-academy/kacwBCowBiXV7A.en.mkv
