upsupported file	elitr-testset/documents/czech-asr/comp_linguistics/comp_linguistics.cs.OS.mp3
upsupported file	elitr-testset/documents/czech-asr/comp_linguistics/comp_linguistics.cs.OS.wav.link
upsupported file	elitr-testset/documents/czech-asr/europarliament/europarliament.cs.OS.mp3
upsupported file	elitr-testset/documents/czech-asr/europarliament/europarliament.cs.OS.wav.link
upsupported file	elitr-testset/documents/czech-asr/rozhlas/rozhlas.cs.OS.mp3
upsupported file	elitr-testset/documents/czech-asr/rozhlas/rozhlas.cs.OS.wav.link
upsupported file	elitr-testset/documents/czech-asr/snemovna/snemovna.cs.OS.mp3
upsupported file	elitr-testset/documents/czech-asr/snemovna/snemovna.cs.OS.wav.link
upsupported file	elitr-testset/documents/czech-asr/wgvat/wgvat.cs.OS.mp3
upsupported file	elitr-testset/documents/czech-asr/wgvat/wgvat.cs.OS.wav.link
upsupported file	elitr-testset/documents/czech-asr/comp_linguistics/comp_linguistics.cs.OS.mp3
upsupported file	elitr-testset/documents/czech-asr/comp_linguistics/comp_linguistics.cs.OS.wav.link
upsupported file	elitr-testset/documents/czech-asr/europarliament/europarliament.cs.OS.mp3
upsupported file	elitr-testset/documents/czech-asr/europarliament/europarliament.cs.OS.wav.link
upsupported file	elitr-testset/documents/czech-asr/rozhlas/rozhlas.cs.OS.mp3
upsupported file	elitr-testset/documents/czech-asr/rozhlas/rozhlas.cs.OS.wav.link
upsupported file	elitr-testset/documents/czech-asr/snemovna/snemovna.cs.OS.mp3
upsupported file	elitr-testset/documents/czech-asr/snemovna/snemovna.cs.OS.wav.link
upsupported file	elitr-testset/documents/czech-asr/wgvat/wgvat.cs.OS.mp3
upsupported file	elitr-testset/documents/czech-asr/wgvat/wgvat.cs.OS.wav.link
upsupported file	elitr-testset/documents/czech-asr/comp_linguistics/comp_linguistics.cs.OS.mp3
upsupported file	elitr-testset/documents/czech-asr/comp_linguistics/comp_linguistics.cs.OS.wav.link
upsupported file	elitr-testset/documents/czech-asr/europarliament/europarliament.cs.OS.mp3
upsupported file	elitr-testset/documents/czech-asr/europarliament/europarliament.cs.OS.wav.link
upsupported file	elitr-testset/documents/czech-asr/rozhlas/rozhlas.cs.OS.mp3
upsupported file	elitr-testset/documents/czech-asr/rozhlas/rozhlas.cs.OS.wav.link
upsupported file	elitr-testset/documents/czech-asr/snemovna/snemovna.cs.OS.mp3
upsupported file	elitr-testset/documents/czech-asr/snemovna/snemovna.cs.OS.wav.link
upsupported file	elitr-testset/documents/czech-asr/wgvat/wgvat.cs.OS.mp3
upsupported file	elitr-testset/documents/czech-asr/wgvat/wgvat.cs.OS.wav.link
