upsupported file	elitr-testset/documents/2021-antrecorp/moses/moses.mp3
upsupported file	elitr-testset/documents/2021-antrecorp/bat-bed/bat-bed.mp3
upsupported file	elitr-testset/documents/2021-antrecorp/ck-remoa/ck-remoa.mp3
upsupported file	elitr-testset/documents/2021-antrecorp/kol-action/kol-action.mp3
upsupported file	elitr-testset/documents/2021-antrecorp/vase-sportarium/vase-sportarium.mp3
upsupported file	elitr-testset/documents/2021-antrecorp/cukrovy-svet/cukrovy-svet.mp3
upsupported file	elitr-testset/documents/2021-antrecorp/ck-elio/ck-elio.mp3
upsupported file	elitr-testset/documents/2021-antrecorp/cukrarna-na-oblacku/cukrarna-na-oblacku.mp3
upsupported file	elitr-testset/documents/2021-antrecorp/pen-hands/pen-hands.mp3
upsupported file	elitr-testset/documents/2021-antrecorp/catering/catering.mp3
upsupported file	elitr-testset/documents/2021-antrecorp/toy-joy/toy-joy.mp3
upsupported file	elitr-testset/documents/2021-antrecorp/moses/moses.mp3
upsupported file	elitr-testset/documents/2021-antrecorp/bat-bed/bat-bed.mp3
upsupported file	elitr-testset/documents/2021-antrecorp/ck-remoa/ck-remoa.mp3
upsupported file	elitr-testset/documents/2021-antrecorp/kol-action/kol-action.mp3
upsupported file	elitr-testset/documents/2021-antrecorp/vase-sportarium/vase-sportarium.mp3
upsupported file	elitr-testset/documents/2021-antrecorp/cukrovy-svet/cukrovy-svet.mp3
upsupported file	elitr-testset/documents/2021-antrecorp/ck-elio/ck-elio.mp3
upsupported file	elitr-testset/documents/2021-antrecorp/cukrarna-na-oblacku/cukrarna-na-oblacku.mp3
upsupported file	elitr-testset/documents/2021-antrecorp/pen-hands/pen-hands.mp3
upsupported file	elitr-testset/documents/2021-antrecorp/catering/catering.mp3
upsupported file	elitr-testset/documents/2021-antrecorp/toy-joy/toy-joy.mp3
upsupported file	elitr-testset/documents/2021-antrecorp/moses/moses.mp3
upsupported file	elitr-testset/documents/2021-antrecorp/bat-bed/bat-bed.mp3
upsupported file	elitr-testset/documents/2021-antrecorp/ck-remoa/ck-remoa.mp3
upsupported file	elitr-testset/documents/2021-antrecorp/kol-action/kol-action.mp3
upsupported file	elitr-testset/documents/2021-antrecorp/vase-sportarium/vase-sportarium.mp3
upsupported file	elitr-testset/documents/2021-antrecorp/cukrovy-svet/cukrovy-svet.mp3
upsupported file	elitr-testset/documents/2021-antrecorp/ck-elio/ck-elio.mp3
upsupported file	elitr-testset/documents/2021-antrecorp/cukrarna-na-oblacku/cukrarna-na-oblacku.mp3
upsupported file	elitr-testset/documents/2021-antrecorp/pen-hands/pen-hands.mp3
upsupported file	elitr-testset/documents/2021-antrecorp/catering/catering.mp3
upsupported file	elitr-testset/documents/2021-antrecorp/toy-joy/toy-joy.mp3
